Keep shooting... Stack images.
Error occurs at stacking two images.
name 'state' is not defined
Keep shooting... Stack images.
Error occurs at stacking two images.
name 'state' is not defined
Keep shooting... Stack images.
Error occurs at stacking two images.
name 'state' is not defined
Keep shooting... Stack images.
Error occurs at stacking two images.
name 'state' is not defined
Keep shooting... Stack images.
Error occurs at stacking two images.
name 'state' is not defined
Keep shooting... Stack images.
Error occurs at stacking two images.
name 'state' is not defined
Keep shooting... Stack images.
Error occurs at stacking two images.
'list' object attribute 'append' is read-only
Keep shooting... Stack images.
Error occurs at stacking two images.
'list' object attribute 'append' is read-only
Keep shooting... Stack images.
Error occurs at stacking two images.
'list' object attribute 'append' is read-only
Keep shooting... Stack images.
Error occurs at stacking two images.
'list' object attribute 'append' is read-only
Keep shooting... Stack images.
Error occurs at stacking two images.
'list' object attribute 'append' is read-only
Keep shooting... Stack images.
Keep shooting... Stack images.
Keep shooting... Stack images.
Keep shooting... Stack images.
Keep shooting... Stack images.
First shot... Stack images.
First shot... Stack images.
First shot... Stack images.
First shot... Stack images.
First shot... Stack images.
First shot... Stack images.
First shot... Stack images.
