C:\Users\user\Documents\GitHub\kimyibae_AB\python_client\experiences_gathering\startAt_20180526_1713_10\level1_shot0_20180526_172255\s_1_14_2200_WON.png_seg.png [14, 2200] 31180
C:\Users\user\Documents\GitHub\kimyibae_AB\python_client\experiences_gathering\startAt_20180526_1713_106\level2_shot0_20180526_191705\s_1_29_1800_WON.png_seg.png [29, 1800] 60450
C:\Users\user\Documents\GitHub\kimyibae_AB\python_client\experiences_gathering\startAt_20180526_1713_107\level2_shot0_20180526_191742\s_1_30_1700_WON.png_seg.png [30, 1700] 60450
C:\Users\user\Documents\GitHub\kimyibae_AB\python_client\experiences_gathering\startAt_20180526_1713_11\level1_shot0_20180526_172328\s_1_15_700_WON.png_seg.png [15, 700] 29770
C:\Users\user\Documents\GitHub\kimyibae_AB\python_client\experiences_gathering\startAt_20180526_1713_110\level2_shot0_20180526_192126\s_1_33_2500_WON.png_seg.png [33, 2500] 60820
C:\Users\user\Documents\GitHub\kimyibae_AB\python_client\experiences_gathering\startAt_20180526_1713_112\level2_shot0_20180526_192447\s_1_35_1100_WON.png_seg.png [35, 1100] 60810
C:\Users\user\Documents\GitHub\kimyibae_AB\python_client\experiences_gathering\startAt_20180526_1713_12\level1_shot0_20180526_172357\s_1_16_1100_WON.png_seg.png [16, 1100] 30830
C:\Users\user\Documents\GitHub\kimyibae_AB\python_client\experiences_gathering\startAt_20180526_1713_120\level2_shot0_20180526_194053\s_1_43_800_WON.png_seg.png [43, 800] 60870
C:\Users\user\Documents\GitHub\kimyibae_AB\python_client\experiences_gathering\startAt_20180526_1713_123\level2_shot0_20180526_194532\s_1_46_1300_WON.png_seg.png [46, 1300] 60960
C:\Users\user\Documents\GitHub\kimyibae_AB\python_client\experiences_gathering\startAt_20180526_1713_124\level2_shot0_20180526_194618\s_1_47_2000_WON.png_seg.png [47, 2000] 60600
C:\Users\user\Documents\GitHub\kimyibae_AB\python_client\experiences_gathering\startAt_20180526_1713_125\level2_shot0_20180526_194703\s_1_48_600_WON.png_seg.png [48, 600] 60740
C:\Users\user\Documents\GitHub\kimyibae_AB\python_client\experiences_gathering\startAt_20180526_1713_126\level2_shot0_20180526_194742\s_1_49_2500_WON.png_seg.png [49, 2500] 60740
C:\Users\user\Documents\GitHub\kimyibae_AB\python_client\experiences_gathering\startAt_20180526_1713_128\level2_shot0_20180526_195054\s_1_51_1100_WON.png_seg.png [51, 1100] 60750
C:\Users\user\Documents\GitHub\kimyibae_AB\python_client\experiences_gathering\startAt_20180526_1713_13\level1_shot0_20180526_172426\s_1_17_1400_WON.png_seg.png [17, 1400] 31530
C:\Users\user\Documents\GitHub\kimyibae_AB\python_client\experiences_gathering\startAt_20180526_1713_132\level2_shot0_20180526_195838\s_1_55_2200_WON.png_seg.png [55, 2200] 60720
C:\Users\user\Documents\GitHub\kimyibae_AB\python_client\experiences_gathering\startAt_20180526_1713_133\level2_shot0_20180526_195917\s_1_56_800_WON.png_seg.png [56, 800] 60970
C:\Users\user\Documents\GitHub\kimyibae_AB\python_client\experiences_gathering\startAt_20180526_1713_135\level2_shot0_20180526_200100\s_1_58_1800_WON.png_seg.png [58, 1800] 61170
C:\Users\user\Documents\GitHub\kimyibae_AB\python_client\experiences_gathering\startAt_20180526_1713_138\level2_shot0_20180526_200544\s_1_61_1000_WON.png_seg.png [61, 1000] 61520
C:\Users\user\Documents\GitHub\kimyibae_AB\python_client\experiences_gathering\startAt_20180526_1713_14\level1_shot0_20180526_172456\s_1_18_1800_WON.png_seg.png [18, 1800] 31910
C:\Users\user\Documents\GitHub\kimyibae_AB\python_client\experiences_gathering\startAt_20180526_1713_144\level2_shot0_20180526_201608\s_1_67_1600_WON.png_seg.png [67, 1600] 61340
C:\Users\user\Documents\GitHub\kimyibae_AB\python_client\experiences_gathering\startAt_20180526_1713_15\level1_shot0_20180526_172525\s_1_19_2300_WON.png_seg.png [19, 2300] 30380
C:\Users\user\Documents\GitHub\kimyibae_AB\python_client\experiences_gathering\startAt_20180526_1713_16\level1_shot0_20180526_172602\s_1_20_1600_WON.png_seg.png [20, 1600] 30940
C:\Users\user\Documents\GitHub\kimyibae_AB\python_client\experiences_gathering\startAt_20180526_1713_17\level1_shot0_20180526_172640\s_1_21_1000_WON.png_seg.png [21, 1000] 33290
C:\Users\user\Documents\GitHub\kimyibae_AB\python_client\experiences_gathering\startAt_20180526_1713_177\level3_shot0_20180526_211644\s_1_19_2100_WON.png_seg.png [19, 2100] 42700
C:\Users\user\Documents\GitHub\kimyibae_AB\python_client\experiences_gathering\startAt_20180526_1713_178\level3_shot0_20180526_211723\s_1_20_900_WON.png_seg.png [20, 900] 41950
C:\Users\user\Documents\GitHub\kimyibae_AB\python_client\experiences_gathering\startAt_20180526_1713_179\level3_shot0_20180526_211808\s_1_21_1000_WON.png_seg.png [21, 1000] 41900
C:\Users\user\Documents\GitHub\kimyibae_AB\python_client\experiences_gathering\startAt_20180526_1713_18\level1_shot0_20180526_172710\s_1_22_2400_WON.png_seg.png [22, 2400] 30350
C:\Users\user\Documents\GitHub\kimyibae_AB\python_client\experiences_gathering\startAt_20180526_1713_180\level3_shot0_20180526_211842\s_1_22_1600_WON.png_seg.png [22, 1600] 41370
C:\Users\user\Documents\GitHub\kimyibae_AB\python_client\experiences_gathering\startAt_20180526_1713_181\level3_shot0_20180526_211917\s_1_23_600_WON.png_seg.png [23, 600] 42490
C:\Users\user\Documents\GitHub\kimyibae_AB\python_client\experiences_gathering\startAt_20180526_1713_182\level3_shot0_20180526_211957\s_1_24_700_WON.png_seg.png [24, 700] 41060
C:\Users\user\Documents\GitHub\kimyibae_AB\python_client\experiences_gathering\startAt_20180526_1713_184\level3_shot0_20180526_212245\s_1_26_1000_WON.png_seg.png [26, 1000] 41700
C:\Users\user\Documents\GitHub\kimyibae_AB\python_client\experiences_gathering\startAt_20180526_1713_185\level3_shot0_20180526_212322\s_1_27_2500_WON.png_seg.png [27, 2500] 41700
C:\Users\user\Documents\GitHub\kimyibae_AB\python_client\experiences_gathering\startAt_20180526_1713_187\level3_shot0_20180526_212555\s_1_29_2000_WON.png_seg.png [29, 2000] 42030
C:\Users\user\Documents\GitHub\kimyibae_AB\python_client\experiences_gathering\startAt_20180526_1713_19\level1_shot0_20180526_172744\s_1_23_1800_WON.png_seg.png [23, 1800] 28500
C:\Users\user\Documents\GitHub\kimyibae_AB\python_client\experiences_gathering\startAt_20180526_1713_20\level1_shot0_20180526_172816\s_1_24_1300_WON.png_seg.png [24, 1300] 29800
C:\Users\user\Documents\GitHub\kimyibae_AB\python_client\experiences_gathering\startAt_20180526_1713_21\level1_shot0_20180526_172847\s_1_25_1900_WON.png_seg.png [25, 1900] 29920
C:\Users\user\Documents\GitHub\kimyibae_AB\python_client\experiences_gathering\startAt_20180526_1713_22\level1_shot0_20180526_172918\s_1_26_1500_WON.png_seg.png [26, 1500] 28680
C:\Users\user\Documents\GitHub\kimyibae_AB\python_client\experiences_gathering\startAt_20180526_1713_221\level3_shot0_20180526_222526\s_1_63_1000_WON.png_seg.png [63, 1000] 40780
C:\Users\user\Documents\GitHub\kimyibae_AB\python_client\experiences_gathering\startAt_20180526_1713_222\level3_shot0_20180526_222614\s_1_64_700_WON.png_seg.png [64, 700] 40780
C:\Users\user\Documents\GitHub\kimyibae_AB\python_client\experiences_gathering\startAt_20180526_1713_223\level3_shot0_20180526_222705\s_1_65_1300_WON.png_seg.png [65, 1300] 40550
C:\Users\user\Documents\GitHub\kimyibae_AB\python_client\experiences_gathering\startAt_20180526_1713_224\level3_shot0_20180526_222746\s_1_66_1100_WON.png_seg.png [66, 1100] 40680
C:\Users\user\Documents\GitHub\kimyibae_AB\python_client\experiences_gathering\startAt_20180526_1713_225\level3_shot0_20180526_222822\s_1_67_2000_WON.png_seg.png [67, 2000] 40610
C:\Users\user\Documents\GitHub\kimyibae_AB\python_client\experiences_gathering\startAt_20180526_1713_228\level3_shot0_20180526_223335\s_1_70_700_WON.png_seg.png [70, 700] 40290
C:\Users\user\Documents\GitHub\kimyibae_AB\python_client\experiences_gathering\startAt_20180526_1713_229\level3_shot0_20180526_223416\s_1_71_1000_WON.png_seg.png [71, 1000] 41630
C:\Users\user\Documents\GitHub\kimyibae_AB\python_client\experiences_gathering\startAt_20180526_1713_23\level1_shot0_20180526_172949\s_1_27_2400_WON.png_seg.png [27, 2400] 28040
C:\Users\user\Documents\GitHub\kimyibae_AB\python_client\experiences_gathering\startAt_20180526_1713_230\level3_shot0_20180526_223457\s_1_72_1600_WON.png_seg.png [72, 1600] 41180
C:\Users\user\Documents\GitHub\kimyibae_AB\python_client\experiences_gathering\startAt_20180526_1713_231\level3_shot0_20180526_223539\s_1_73_1900_WON.png_seg.png [73, 1900] 41180
C:\Users\user\Documents\GitHub\kimyibae_AB\python_client\experiences_gathering\startAt_20180526_1713_235\level3_shot0_20180526_224143\s_1_77_2100_WON.png_seg.png [77, 2100] 40650
C:\Users\user\Documents\GitHub\kimyibae_AB\python_client\experiences_gathering\startAt_20180526_1713_24\level1_shot0_20180526_173021\s_1_28_1600_WON.png_seg.png [28, 1600] 28380
C:\Users\user\Documents\GitHub\kimyibae_AB\python_client\experiences_gathering\startAt_20180526_1713_25\level1_shot0_20180526_173053\s_1_29_1500_WON.png_seg.png [29, 1500] 29450
C:\Users\user\Documents\GitHub\kimyibae_AB\python_client\experiences_gathering\startAt_20180526_1713_26\level1_shot0_20180526_173130\s_1_30_1500_WON.png_seg.png [30, 1500] 28600
C:\Users\user\Documents\GitHub\kimyibae_AB\python_client\experiences_gathering\startAt_20180526_1713_27\level1_shot0_20180526_173200\s_1_31_1100_WON.png_seg.png [31, 1100] 27290
C:\Users\user\Documents\GitHub\kimyibae_AB\python_client\experiences_gathering\startAt_20180526_1713_28\level1_shot0_20180526_173230\s_1_32_1500_WON.png_seg.png [32, 1500] 29760
C:\Users\user\Documents\GitHub\kimyibae_AB\python_client\experiences_gathering\startAt_20180526_1713_29\level1_shot0_20180526_173304\s_1_33_1300_WON.png_seg.png [33, 1300] 29610
C:\Users\user\Documents\GitHub\kimyibae_AB\python_client\experiences_gathering\startAt_20180526_1713_6\level1_shot0_20180526_172056\s_1_10_2100_WON.png_seg.png [10, 2100] 29980
C:\Users\user\Documents\GitHub\kimyibae_AB\python_client\experiences_gathering\startAt_20180526_1713_7\level1_shot0_20180526_172125\s_1_11_700_WON.png_seg.png [11, 700] 29270
C:\Users\user\Documents\GitHub\kimyibae_AB\python_client\experiences_gathering\startAt_20180526_1713_70\level1_shot0_20180526_182149\s_1_74_1000_WON.png_seg.png [74, 1000] 31110
C:\Users\user\Documents\GitHub\kimyibae_AB\python_client\experiences_gathering\startAt_20180526_1713_71\level1_shot0_20180526_182225\s_1_75_2500_WON.png_seg.png [75, 2500] 28590
C:\Users\user\Documents\GitHub\kimyibae_AB\python_client\experiences_gathering\startAt_20180526_1713_8\level1_shot0_20180526_172156\s_1_12_600_WON.png_seg.png [12, 600] 28550
C:\Users\user\Documents\GitHub\kimyibae_AB\python_client\experiences_gathering\startAt_20180526_1713_9\level1_shot0_20180526_172223\s_1_13_700_WON.png_seg.png [13, 700] 29040
C:\Users\user\Documents\GitHub\kimyibae_AB\python_client\experiences_gathering\startAt_20180527_0231_18\level5_shot0_20180527_025849\s_1_22_1100_WON.png_seg.png [22, 1100] 62840
C:\Users\user\Documents\GitHub\kimyibae_AB\python_client\experiences_gathering\startAt_20180527_0231_181\level7_shot0_20180527_070231\s_1_23_1900_WON.png_seg.png [23, 1900] 45590
C:\Users\user\Documents\GitHub\kimyibae_AB\python_client\experiences_gathering\startAt_20180527_0231_182\level7_shot0_20180527_070307\s_1_24_1200_WON.png_seg.png [24, 1200] 45690
C:\Users\user\Documents\GitHub\kimyibae_AB\python_client\experiences_gathering\startAt_20180527_0231_183\level7_shot0_20180527_070339\s_1_25_1200_WON.png_seg.png [25, 1200] 45870
C:\Users\user\Documents\GitHub\kimyibae_AB\python_client\experiences_gathering\startAt_20180527_0231_24\level5_shot0_20180527_030623\s_1_28_2500_WON.png_seg.png [28, 2500] 64720
C:\Users\user\Documents\GitHub\kimyibae_AB\python_client\experiences_gathering\startAt_20180527_0231_26\level5_shot0_20180527_030840\s_1_30_800_WON.png_seg.png [30, 800] 68620
C:\Users\user\Documents\GitHub\kimyibae_AB\python_client\experiences_gathering\startAt_20180527_0231_27\level5_shot0_20180527_030914\s_1_31_2400_WON.png_seg.png [31, 2400] 62720
C:\Users\user\Documents\GitHub\kimyibae_AB\python_client\experiences_gathering\startAt_20180527_0231_28\level5_shot0_20180527_030946\s_1_32_900_WON.png_seg.png [32, 900] 64240
C:\Users\user\Documents\GitHub\kimyibae_AB\python_client\experiences_gathering\startAt_20180527_0231_32\level5_shot0_20180527_031435\s_1_36_1400_WON.png_seg.png [36, 1400] 63800
C:\Users\user\Documents\GitHub\kimyibae_AB\python_client\experiences_gathering\startAt_20180527_0231_34\level5_shot0_20180527_031608\s_1_38_700_WON.png_seg.png [38, 700] 63990
C:\Users\user\Documents\GitHub\kimyibae_AB\python_client\experiences_gathering\startAt_20180527_0231_35\level5_shot0_20180527_031638\s_1_39_600_WON.png_seg.png [39, 600] 63990
C:\Users\user\Documents\GitHub\kimyibae_AB\python_client\experiences_gathering\startAt_20180527_0231_37\level5_shot0_20180527_031839\s_1_41_2000_WON.png_seg.png [41, 2000] 72710
C:\Users\user\Documents\GitHub\kimyibae_AB\python_client\experiences_gathering\startAt_20180527_0231_59\level5_shot0_20180527_035214\s_1_63_2000_WON.png_seg.png [63, 2000] 64980
C:\Users\user\Documents\GitHub\kimyibae_AB\python_client\experiences_gathering\startAt_20180527_0231_64\level5_shot0_20180527_035845\s_1_68_600_WON.png_seg.png [68, 600] 66070
C:\Users\user\Documents\GitHub\kimyibae_AB\python_client\experiences_gathering\startAt_20180527_0231_66\level5_shot0_20180527_040057\s_1_70_1800_WON.png_seg.png [70, 1800] 64080
C:\Users\user\Documents\GitHub\kimyibae_AB\python_client\experiences_gathering\startAt_20180527_1510_138\level9_shot0_20180527_185331\s_1_26_2500_WON.png_seg.png [26, 2500] 49310
C:\Users\user\Documents\GitHub\kimyibae_AB\python_client\experiences_gathering\startAt_20180527_1510_66\level8_shot0_20180527_170257\s_1_35_1700_WON.png_seg.png [35, 1700] 57760
C:\Users\user\Documents\GitHub\kimyibae_AB\python_client\experiences_gathering\startAt_20180527_1510_74\level8_shot0_20180527_171435\s_1_43_1500_WON.png_seg.png [43, 1500] 54430
C:\Users\user\Documents\GitHub\kimyibae_AB\python_client\experiences_gathering\startAt_20180527_2059_78\level10_shot0_20180527_234506\s_1_46_2500_WON.png_seg.png [46, 2500] 68740
C:\Users\user\Documents\GitHub\kimyibae_AB\python_client\experiences_gathering\startAt_20180528_0121_19\level11_shot0_20180528_014759\s_1_23_600_WON.png_seg.png [23, 600] 55160
C:\Users\user\Documents\GitHub\kimyibae_AB\python_client\experiences_gathering\startAt_20180528_0121_29\level11_shot0_20180528_020209\s_1_33_700_WON.png_seg.png [33, 700] 55750
C:\Users\user\Documents\GitHub\kimyibae_AB\python_client\experiences_gathering\startAt_20180528_0121_30\level11_shot0_20180528_020242\s_1_34_2500_WON.png_seg.png [34, 2500] 56970
C:\Users\user\Documents\GitHub\kimyibae_AB\python_client\experiences_gathering\startAt_20180528_0121_32\level11_shot0_20180528_020513\s_1_36_1500_WON.png_seg.png [36, 1500] 55930
C:\Users\user\Documents\GitHub\kimyibae_AB\python_client\experiences_gathering\startAt_20180528_0121_33\level11_shot0_20180528_020548\s_1_37_1800_WON.png_seg.png [37, 1800] 55930
C:\Users\user\Documents\GitHub\kimyibae_AB\python_client\experiences_gathering\startAt_20180528_1429_22\level12_shot0_20180528_150236\s_1_30_1500_WON.png_seg.png [30, 1500] 58090
C:\Users\user\Documents\GitHub\kimyibae_AB\python_client\experiences_gathering\startAt_20180528_1429_55\level12_shot0_20180528_155741\s_1_63_1200_WON.png_seg.png [63, 1200] 54400
C:\Users\user\Documents\GitHub\kimyibae_AB\python_client\experiences_gathering\startAt_20180528_2233_1\level13_shot0_20180528_223337\s_1_63_2100_WON.png_seg.png [63, 2100] 47940
C:\Users\user\Documents\GitHub\kimyibae_AB\python_client\experiences_gathering\startAt_20180528_2242_2\level13_shot0_20180528_224539\s_1_65_1700_WON.png_seg.png [65, 1700] 49050
