C:\Users\user\Documents\GitHub\kimyibae_AB\python_client\experiences_gathering\startAt_20180526_1713_10\level1_shot0_20180526_172255\s_1_14_2200_WON.png_seg.png [14, 2200] 31180
C:\Users\user\Documents\GitHub\kimyibae_AB\python_client\experiences_gathering\startAt_20180526_1713_106\level2_shot0_20180526_191705\s_1_29_1800_WON.png_seg.png [29, 1800] 60450
C:\Users\user\Documents\GitHub\kimyibae_AB\python_client\experiences_gathering\startAt_20180526_1713_107\level2_shot0_20180526_191742\s_1_30_1700_WON.png_seg.png [30, 1700] 60450
C:\Users\user\Documents\GitHub\kimyibae_AB\python_client\experiences_gathering\startAt_20180526_1713_11\level1_shot0_20180526_172328\s_1_15_700_WON.png_seg.png [15, 700] 29770
C:\Users\user\Documents\GitHub\kimyibae_AB\python_client\experiences_gathering\startAt_20180526_1713_110\level2_shot0_20180526_192126\s_1_33_2500_WON.png_seg.png [33, 2500] 60820
C:\Users\user\Documents\GitHub\kimyibae_AB\python_client\experiences_gathering\startAt_20180526_1713_112\level2_shot0_20180526_192447\s_1_35_1100_WON.png_seg.png [35, 1100] 60810
C:\Users\user\Documents\GitHub\kimyibae_AB\python_client\experiences_gathering\startAt_20180526_1713_12\level1_shot0_20180526_172357\s_1_16_1100_WON.png_seg.png [16, 1100] 30830
C:\Users\user\Documents\GitHub\kimyibae_AB\python_client\experiences_gathering\startAt_20180526_1713_120\level2_shot0_20180526_194053\s_1_43_800_WON.png_seg.png [43, 800] 60870
C:\Users\user\Documents\GitHub\kimyibae_AB\python_client\experiences_gathering\startAt_20180526_1713_123\level2_shot0_20180526_194532\s_1_46_1300_WON.png_seg.png [46, 1300] 60960
C:\Users\user\Documents\GitHub\kimyibae_AB\python_client\experiences_gathering\startAt_20180526_1713_124\level2_shot0_20180526_194618\s_1_47_2000_WON.png_seg.png [47, 2000] 60600
C:\Users\user\Documents\GitHub\kimyibae_AB\python_client\experiences_gathering\startAt_20180526_1713_125\level2_shot0_20180526_194703\s_1_48_600_WON.png_seg.png [48, 600] 60740
C:\Users\user\Documents\GitHub\kimyibae_AB\python_client\experiences_gathering\startAt_20180526_1713_126\level2_shot0_20180526_194742\s_1_49_2500_WON.png_seg.png [49, 2500] 60740
C:\Users\user\Documents\GitHub\kimyibae_AB\python_client\experiences_gathering\startAt_20180526_1713_128\level2_shot0_20180526_195054\s_1_51_1100_WON.png_seg.png [51, 1100] 60750
C:\Users\user\Documents\GitHub\kimyibae_AB\python_client\experiences_gathering\startAt_20180526_1713_13\level1_shot0_20180526_172426\s_1_17_1400_WON.png_seg.png [17, 1400] 31530
C:\Users\user\Documents\GitHub\kimyibae_AB\python_client\experiences_gathering\startAt_20180526_1713_132\level2_shot0_20180526_195838\s_1_55_2200_WON.png_seg.png [55, 2200] 60720
C:\Users\user\Documents\GitHub\kimyibae_AB\python_client\experiences_gathering\startAt_20180526_1713_133\level2_shot0_20180526_195917\s_1_56_800_WON.png_seg.png [56, 800] 60970
C:\Users\user\Documents\GitHub\kimyibae_AB\python_client\experiences_gathering\startAt_20180526_1713_135\level2_shot0_20180526_200100\s_1_58_1800_WON.png_seg.png [58, 1800] 61170
C:\Users\user\Documents\GitHub\kimyibae_AB\python_client\experiences_gathering\startAt_20180526_1713_138\level2_shot0_20180526_200544\s_1_61_1000_WON.png_seg.png [61, 1000] 61520
C:\Users\user\Documents\GitHub\kimyibae_AB\python_client\experiences_gathering\startAt_20180526_1713_14\level1_shot0_20180526_172456\s_1_18_1800_WON.png_seg.png [18, 1800] 31910
C:\Users\user\Documents\GitHub\kimyibae_AB\python_client\experiences_gathering\startAt_20180526_1713_144\level2_shot0_20180526_201608\s_1_67_1600_WON.png_seg.png [67, 1600] 61340
C:\Users\user\Documents\GitHub\kimyibae_AB\python_client\experiences_gathering\startAt_20180526_1713_15\level1_shot0_20180526_172525\s_1_19_2300_WON.png_seg.png [19, 2300] 30380
C:\Users\user\Documents\GitHub\kimyibae_AB\python_client\experiences_gathering\startAt_20180526_1713_16\level1_shot0_20180526_172602\s_1_20_1600_WON.png_seg.png [20, 1600] 30940
C:\Users\user\Documents\GitHub\kimyibae_AB\python_client\experiences_gathering\startAt_20180526_1713_17\level1_shot0_20180526_172640\s_1_21_1000_WON.png_seg.png [21, 1000] 33290
C:\Users\user\Documents\GitHub\kimyibae_AB\python_client\experiences_gathering\startAt_20180526_1713_177\level3_shot0_20180526_211644\s_1_19_2100_WON.png_seg.png [19, 2100] 42700
C:\Users\user\Documents\GitHub\kimyibae_AB\python_client\experiences_gathering\startAt_20180526_1713_178\level3_shot0_20180526_211723\s_1_20_900_WON.png_seg.png [20, 900] 41950
C:\Users\user\Documents\GitHub\kimyibae_AB\python_client\experiences_gathering\startAt_20180526_1713_179\level3_shot0_20180526_211808\s_1_21_1000_WON.png_seg.png [21, 1000] 41900
C:\Users\user\Documents\GitHub\kimyibae_AB\python_client\experiences_gathering\startAt_20180526_1713_18\level1_shot0_20180526_172710\s_1_22_2400_WON.png_seg.png [22, 2400] 30350
C:\Users\user\Documents\GitHub\kimyibae_AB\python_client\experiences_gathering\startAt_20180526_1713_180\level3_shot0_20180526_211842\s_1_22_1600_WON.png_seg.png [22, 1600] 41370
C:\Users\user\Documents\GitHub\kimyibae_AB\python_client\experiences_gathering\startAt_20180526_1713_181\level3_shot0_20180526_211917\s_1_23_600_WON.png_seg.png [23, 600] 42490
C:\Users\user\Documents\GitHub\kimyibae_AB\python_client\experiences_gathering\startAt_20180526_1713_182\level3_shot0_20180526_211957\s_1_24_700_WON.png_seg.png [24, 700] 41060
C:\Users\user\Documents\GitHub\kimyibae_AB\python_client\experiences_gathering\startAt_20180526_1713_184\level3_shot0_20180526_212245\s_1_26_1000_WON.png_seg.png [26, 1000] 41700
C:\Users\user\Documents\GitHub\kimyibae_AB\python_client\experiences_gathering\startAt_20180526_1713_185\level3_shot0_20180526_212322\s_1_27_2500_WON.png_seg.png [27, 2500] 41700
C:\Users\user\Documents\GitHub\kimyibae_AB\python_client\experiences_gathering\startAt_20180526_1713_187\level3_shot0_20180526_212555\s_1_29_2000_WON.png_seg.png [29, 2000] 42030
C:\Users\user\Documents\GitHub\kimyibae_AB\python_client\experiences_gathering\startAt_20180526_1713_19\level1_shot0_20180526_172744\s_1_23_1800_WON.png_seg.png [23, 1800] 28500
C:\Users\user\Documents\GitHub\kimyibae_AB\python_client\experiences_gathering\startAt_20180526_1713_20\level1_shot0_20180526_172816\s_1_24_1300_WON.png_seg.png [24, 1300] 29800
C:\Users\user\Documents\GitHub\kimyibae_AB\python_client\experiences_gathering\startAt_20180526_1713_21\level1_shot0_20180526_172847\s_1_25_1900_WON.png_seg.png [25, 1900] 29920
C:\Users\user\Documents\GitHub\kimyibae_AB\python_client\experiences_gathering\startAt_20180526_1713_22\level1_shot0_20180526_172918\s_1_26_1500_WON.png_seg.png [26, 1500] 28680
C:\Users\user\Documents\GitHub\kimyibae_AB\python_client\experiences_gathering\startAt_20180526_1713_221\level3_shot0_20180526_222526\s_1_63_1000_WON.png_seg.png [63, 1000] 40780
C:\Users\user\Documents\GitHub\kimyibae_AB\python_client\experiences_gathering\startAt_20180526_1713_222\level3_shot0_20180526_222614\s_1_64_700_WON.png_seg.png [64, 700] 40780
C:\Users\user\Documents\GitHub\kimyibae_AB\python_client\experiences_gathering\startAt_20180526_1713_223\level3_shot0_20180526_222705\s_1_65_1300_WON.png_seg.png [65, 1300] 40550
C:\Users\user\Documents\GitHub\kimyibae_AB\python_client\experiences_gathering\startAt_20180526_1713_224\level3_shot0_20180526_222746\s_1_66_1100_WON.png_seg.png [66, 1100] 40680
C:\Users\user\Documents\GitHub\kimyibae_AB\python_client\experiences_gathering\startAt_20180526_1713_225\level3_shot0_20180526_222822\s_1_67_2000_WON.png_seg.png [67, 2000] 40610
C:\Users\user\Documents\GitHub\kimyibae_AB\python_client\experiences_gathering\startAt_20180526_1713_228\level3_shot0_20180526_223335\s_1_70_700_WON.png_seg.png [70, 700] 40290
C:\Users\user\Documents\GitHub\kimyibae_AB\python_client\experiences_gathering\startAt_20180526_1713_229\level3_shot0_20180526_223416\s_1_71_1000_WON.png_seg.png [71, 1000] 41630
C:\Users\user\Documents\GitHub\kimyibae_AB\python_client\experiences_gathering\startAt_20180526_1713_23\level1_shot0_20180526_172949\s_1_27_2400_WON.png_seg.png [27, 2400] 28040
C:\Users\user\Documents\GitHub\kimyibae_AB\python_client\experiences_gathering\startAt_20180526_1713_230\level3_shot0_20180526_223457\s_1_72_1600_WON.png_seg.png [72, 1600] 41180
C:\Users\user\Documents\GitHub\kimyibae_AB\python_client\experiences_gathering\startAt_20180526_1713_231\level3_shot0_20180526_223539\s_1_73_1900_WON.png_seg.png [73, 1900] 41180
C:\Users\user\Documents\GitHub\kimyibae_AB\python_client\experiences_gathering\startAt_20180526_1713_235\level3_shot0_20180526_224143\s_1_77_2100_WON.png_seg.png [77, 2100] 40650
C:\Users\user\Documents\GitHub\kimyibae_AB\python_client\experiences_gathering\startAt_20180526_1713_24\level1_shot0_20180526_173021\s_1_28_1600_WON.png_seg.png [28, 1600] 28380
C:\Users\user\Documents\GitHub\kimyibae_AB\python_client\experiences_gathering\startAt_20180526_1713_25\level1_shot0_20180526_173053\s_1_29_1500_WON.png_seg.png [29, 1500] 29450
C:\Users\user\Documents\GitHub\kimyibae_AB\python_client\experiences_gathering\startAt_20180526_1713_26\level1_shot0_20180526_173130\s_1_30_1500_WON.png_seg.png [30, 1500] 28600
C:\Users\user\Documents\GitHub\kimyibae_AB\python_client\experiences_gathering\startAt_20180526_1713_27\level1_shot0_20180526_173200\s_1_31_1100_WON.png_seg.png [31, 1100] 27290
C:\Users\user\Documents\GitHub\kimyibae_AB\python_client\experiences_gathering\startAt_20180526_1713_28\level1_shot0_20180526_173230\s_1_32_1500_WON.png_seg.png [32, 1500] 29760
C:\Users\user\Documents\GitHub\kimyibae_AB\python_client\experiences_gathering\startAt_20180526_1713_29\level1_shot0_20180526_173304\s_1_33_1300_WON.png_seg.png [33, 1300] 29610
C:\Users\user\Documents\GitHub\kimyibae_AB\python_client\experiences_gathering\startAt_20180526_1713_6\level1_shot0_20180526_172056\s_1_10_2100_WON.png_seg.png [10, 2100] 29980
C:\Users\user\Documents\GitHub\kimyibae_AB\python_client\experiences_gathering\startAt_20180526_1713_7\level1_shot0_20180526_172125\s_1_11_700_WON.png_seg.png [11, 700] 29270
C:\Users\user\Documents\GitHub\kimyibae_AB\python_client\experiences_gathering\startAt_20180526_1713_70\level1_shot0_20180526_182149\s_1_74_1000_WON.png_seg.png [74, 1000] 31110
C:\Users\user\Documents\GitHub\kimyibae_AB\python_client\experiences_gathering\startAt_20180526_1713_71\level1_shot0_20180526_182225\s_1_75_2500_WON.png_seg.png [75, 2500] 28590
C:\Users\user\Documents\GitHub\kimyibae_AB\python_client\experiences_gathering\startAt_20180526_1713_8\level1_shot0_20180526_172156\s_1_12_600_WON.png_seg.png [12, 600] 28550
C:\Users\user\Documents\GitHub\kimyibae_AB\python_client\experiences_gathering\startAt_20180526_1713_9\level1_shot0_20180526_172223\s_1_13_700_WON.png_seg.png [13, 700] 29040
C:\Users\user\Documents\GitHub\kimyibae_AB\python_client\experiences_gathering\startAt_20180527_0231_18\level5_shot0_20180527_025849\s_1_22_1100_WON.png_seg.png [22, 1100] 62840
C:\Users\user\Documents\GitHub\kimyibae_AB\python_client\experiences_gathering\startAt_20180527_0231_181\level7_shot0_20180527_070231\s_1_23_1900_WON.png_seg.png [23, 1900] 45590
C:\Users\user\Documents\GitHub\kimyibae_AB\python_client\experiences_gathering\startAt_20180527_0231_182\level7_shot0_20180527_070307\s_1_24_1200_WON.png_seg.png [24, 1200] 45690
C:\Users\user\Documents\GitHub\kimyibae_AB\python_client\experiences_gathering\startAt_20180527_0231_183\level7_shot0_20180527_070339\s_1_25_1200_WON.png_seg.png [25, 1200] 45870
C:\Users\user\Documents\GitHub\kimyibae_AB\python_client\experiences_gathering\startAt_20180527_0231_24\level5_shot0_20180527_030623\s_1_28_2500_WON.png_seg.png [28, 2500] 64720
C:\Users\user\Documents\GitHub\kimyibae_AB\python_client\experiences_gathering\startAt_20180527_0231_26\level5_shot0_20180527_030840\s_1_30_800_WON.png_seg.png [30, 800] 68620
C:\Users\user\Documents\GitHub\kimyibae_AB\python_client\experiences_gathering\startAt_20180527_0231_27\level5_shot0_20180527_030914\s_1_31_2400_WON.png_seg.png [31, 2400] 62720
C:\Users\user\Documents\GitHub\kimyibae_AB\python_client\experiences_gathering\startAt_20180527_0231_28\level5_shot0_20180527_030946\s_1_32_900_WON.png_seg.png [32, 900] 64240
C:\Users\user\Documents\GitHub\kimyibae_AB\python_client\experiences_gathering\startAt_20180527_0231_32\level5_shot0_20180527_031435\s_1_36_1400_WON.png_seg.png [36, 1400] 63800
C:\Users\user\Documents\GitHub\kimyibae_AB\python_client\experiences_gathering\startAt_20180527_0231_34\level5_shot0_20180527_031608\s_1_38_700_WON.png_seg.png [38, 700] 63990
C:\Users\user\Documents\GitHub\kimyibae_AB\python_client\experiences_gathering\startAt_20180527_0231_35\level5_shot0_20180527_031638\s_1_39_600_WON.png_seg.png [39, 600] 63990
C:\Users\user\Documents\GitHub\kimyibae_AB\python_client\experiences_gathering\startAt_20180527_0231_37\level5_shot0_20180527_031839\s_1_41_2000_WON.png_seg.png [41, 2000] 72710
C:\Users\user\Documents\GitHub\kimyibae_AB\python_client\experiences_gathering\startAt_20180527_0231_59\level5_shot0_20180527_035214\s_1_63_2000_WON.png_seg.png [63, 2000] 64980
C:\Users\user\Documents\GitHub\kimyibae_AB\python_client\experiences_gathering\startAt_20180527_0231_64\level5_shot0_20180527_035845\s_1_68_600_WON.png_seg.png [68, 600] 66070
C:\Users\user\Documents\GitHub\kimyibae_AB\python_client\experiences_gathering\startAt_20180527_0231_66\level5_shot0_20180527_040057\s_1_70_1800_WON.png_seg.png [70, 1800] 64080
C:\Users\user\Documents\GitHub\kimyibae_AB\python_client\experiences_gathering\startAt_20180527_0305_19\level5_shot0_20180527_035549\s_1_23_1800_WON.png_seg.png [23, 1800] 62840
C:\Users\user\Documents\GitHub\kimyibae_AB\python_client\experiences_gathering\startAt_20180527_0305_27\level5_shot0_20180527_041102\s_1_31_1700_WON.png_seg.png [31, 1700] 62510
C:\Users\user\Documents\GitHub\kimyibae_AB\python_client\experiences_gathering\startAt_20180527_0305_28\level5_shot0_20180527_041214\s_1_32_1600_WON.png_seg.png [32, 1600] 62720
C:\Users\user\Documents\GitHub\kimyibae_AB\python_client\experiences_gathering\startAt_20180527_0305_33\level5_shot0_20180527_042209\s_1_37_1900_WON.png_seg.png [37, 1900] 67570
C:\Users\user\Documents\GitHub\kimyibae_AB\python_client\experiences_gathering\startAt_20180527_0305_34\level5_shot0_20180527_042246\s_1_38_1700_WON.png_seg.png [38, 1700] 66430
C:\Users\user\Documents\GitHub\kimyibae_AB\python_client\experiences_gathering\startAt_20180527_0305_35\level5_shot0_20180527_042339\s_1_39_600_WON.png_seg.png [39, 600] 66430
C:\Users\user\Documents\GitHub\kimyibae_AB\python_client\experiences_gathering\startAt_20180527_0305_64\level5_shot0_20180527_053242\s_1_68_1300_WON.png_seg.png [68, 1300] 66710
C:\Users\user\Documents\GitHub\kimyibae_AB\python_client\experiences_gathering\startAt_20180527_0305_65\level5_shot0_20180527_053327\s_1_69_1400_WON.png_seg.png [69, 1400] 63010
C:\Users\user\Documents\GitHub\kimyibae_AB\python_client\experiences_gathering\startAt_20180527_0305_66\level5_shot0_20180527_053416\s_1_70_2100_WON.png_seg.png [70, 2100] 62460
C:\Users\user\Documents\GitHub\kimyibae_AB\python_client\experiences_gathering\startAt_20180527_1510_138\level9_shot0_20180527_185331\s_1_26_2500_WON.png_seg.png [26, 2500] 49310
C:\Users\user\Documents\GitHub\kimyibae_AB\python_client\experiences_gathering\startAt_20180527_1510_66\level8_shot0_20180527_170257\s_1_35_1700_WON.png_seg.png [35, 1700] 57760
C:\Users\user\Documents\GitHub\kimyibae_AB\python_client\experiences_gathering\startAt_20180527_1510_74\level8_shot0_20180527_171435\s_1_43_1500_WON.png_seg.png [43, 1500] 54430
C:\Users\user\Documents\GitHub\kimyibae_AB\python_client\experiences_gathering\startAt_20180527_2059_78\level10_shot0_20180527_234506\s_1_46_2500_WON.png_seg.png [46, 2500] 68740
C:\Users\user\Documents\GitHub\kimyibae_AB\python_client\experiences_gathering\startAt_20180528_0121_19\level11_shot0_20180528_014759\s_1_23_600_WON.png_seg.png [23, 600] 55160
C:\Users\user\Documents\GitHub\kimyibae_AB\python_client\experiences_gathering\startAt_20180528_0121_29\level11_shot0_20180528_020209\s_1_33_700_WON.png_seg.png [33, 700] 55750
C:\Users\user\Documents\GitHub\kimyibae_AB\python_client\experiences_gathering\startAt_20180528_0121_30\level11_shot0_20180528_020242\s_1_34_2500_WON.png_seg.png [34, 2500] 56970
C:\Users\user\Documents\GitHub\kimyibae_AB\python_client\experiences_gathering\startAt_20180528_0121_32\level11_shot0_20180528_020513\s_1_36_1500_WON.png_seg.png [36, 1500] 55930
C:\Users\user\Documents\GitHub\kimyibae_AB\python_client\experiences_gathering\startAt_20180528_0121_33\level11_shot0_20180528_020548\s_1_37_1800_WON.png_seg.png [37, 1800] 55930
C:\Users\user\Documents\GitHub\kimyibae_AB\python_client\experiences_gathering\startAt_20180528_1429_22\level12_shot0_20180528_150236\s_1_30_1500_WON.png_seg.png [30, 1500] 58090
C:\Users\user\Documents\GitHub\kimyibae_AB\python_client\experiences_gathering\startAt_20180528_1429_55\level12_shot0_20180528_155741\s_1_63_1200_WON.png_seg.png [63, 1200] 54400
C:\Users\user\Documents\GitHub\kimyibae_AB\python_client\experiences_gathering\startAt_20180528_2233_1\level13_shot0_20180528_223337\s_1_63_2100_WON.png_seg.png [63, 2100] 47940
C:\Users\user\Documents\GitHub\kimyibae_AB\python_client\experiences_gathering\startAt_20180528_2242_2\level13_shot0_20180528_224539\s_1_65_1700_WON.png_seg.png [65, 1700] 49050
C:\Users\user\Documents\GitHub\kimyibae_AB\python_client\experiences_gathering\startAt_20180529_0109_101\level5_shot0_20180529_055213\s_1_24_600_WON.png_seg.png [24, 600] 65140
C:\Users\user\Documents\GitHub\kimyibae_AB\python_client\experiences_gathering\startAt_20180529_0109_106\level5_shot0_20180529_060750\s_1_29_2500_WON.png_seg.png [29, 2500] 64720
C:\Users\user\Documents\GitHub\kimyibae_AB\python_client\experiences_gathering\startAt_20180529_0109_107\level5_shot0_20180529_060850\s_1_30_1900_WON.png_seg.png [30, 1900] 68780
C:\Users\user\Documents\GitHub\kimyibae_AB\python_client\experiences_gathering\startAt_20180529_0109_108\level5_shot0_20180529_060947\s_1_31_700_WON.png_seg.png [31, 700] 68620
C:\Users\user\Documents\GitHub\kimyibae_AB\python_client\experiences_gathering\startAt_20180529_0109_109\level5_shot0_20180529_061112\s_1_32_1300_WON.png_seg.png [32, 1300] 64430
C:\Users\user\Documents\GitHub\kimyibae_AB\python_client\experiences_gathering\startAt_20180529_0109_110\level5_shot0_20180529_061213\s_1_33_600_WON.png_seg.png [33, 600] 64240
C:\Users\user\Documents\GitHub\kimyibae_AB\python_client\experiences_gathering\startAt_20180529_0109_111\level5_shot0_20180529_061303\s_1_34_2400_WON.png_seg.png [34, 2400] 64240
dict_keys([10, 11, 12, 13, 14, 15, 16, 17, 18, 19, 20, 21, 22, 23, 24, 25, 26, 27, 28, 29, 30, 31, 32, 33, 34, 35, 36, 37, 38, 39, 41, 43, 46, 47, 48, 49, 51, 55, 56, 58, 61, 63, 64, 65, 66, 67, 68, 69, 70, 71, 72, 73, 74, 75, 77])
dict_keys([10, 11, 12, 13, 14, 15, 16, 17, 18, 19, 20, 21, 22, 23, 24, 25, 26, 27, 28, 29, 30, 31, 32, 33, 34, 35, 36, 37, 38, 39, 41, 43, 46, 47, 48, 49, 51, 55, 56, 58, 61, 63, 64, 65, 66, 67, 68, 69, 70, 71, 72, 73, 74, 75, 77])
C:\Users\user\Documents\GitHub\kimyibae_AB\python_client\experiences_gathering\startAt_20180526_1713_10\level1_shot0_20180526_172255 level1 angle 14 tap 2200 reward 31180
C:\Users\user\Documents\GitHub\kimyibae_AB\python_client\experiences_gathering\startAt_20180526_1713_106\level2_shot0_20180526_191705 level2 angle 29 tap 1800 reward 60450
C:\Users\user\Documents\GitHub\kimyibae_AB\python_client\experiences_gathering\startAt_20180526_1713_107\level2_shot0_20180526_191742 level2 angle 30 tap 1700 reward 60450
C:\Users\user\Documents\GitHub\kimyibae_AB\python_client\experiences_gathering\startAt_20180526_1713_11\level1_shot0_20180526_172328 level1 angle 15 tap 700 reward 29770
C:\Users\user\Documents\GitHub\kimyibae_AB\python_client\experiences_gathering\startAt_20180526_1713_110\level2_shot0_20180526_192126 level2 angle 33 tap 2500 reward 60820
C:\Users\user\Documents\GitHub\kimyibae_AB\python_client\experiences_gathering\startAt_20180526_1713_112\level2_shot0_20180526_192447 level2 angle 35 tap 1100 reward 60810
C:\Users\user\Documents\GitHub\kimyibae_AB\python_client\experiences_gathering\startAt_20180526_1713_12\level1_shot0_20180526_172357 level1 angle 16 tap 1100 reward 30830
C:\Users\user\Documents\GitHub\kimyibae_AB\python_client\experiences_gathering\startAt_20180526_1713_120\level2_shot0_20180526_194053 level2 angle 43 tap 800 reward 60870
C:\Users\user\Documents\GitHub\kimyibae_AB\python_client\experiences_gathering\startAt_20180526_1713_123\level2_shot0_20180526_194532 level2 angle 46 tap 1300 reward 60960
C:\Users\user\Documents\GitHub\kimyibae_AB\python_client\experiences_gathering\startAt_20180526_1713_124\level2_shot0_20180526_194618 level2 angle 47 tap 2000 reward 60600
C:\Users\user\Documents\GitHub\kimyibae_AB\python_client\experiences_gathering\startAt_20180526_1713_125\level2_shot0_20180526_194703 level2 angle 48 tap 600 reward 60740
C:\Users\user\Documents\GitHub\kimyibae_AB\python_client\experiences_gathering\startAt_20180526_1713_126\level2_shot0_20180526_194742 level2 angle 49 tap 2500 reward 60740
C:\Users\user\Documents\GitHub\kimyibae_AB\python_client\experiences_gathering\startAt_20180526_1713_128\level2_shot0_20180526_195054 level2 angle 51 tap 1100 reward 60750
C:\Users\user\Documents\GitHub\kimyibae_AB\python_client\experiences_gathering\startAt_20180526_1713_13\level1_shot0_20180526_172426 level1 angle 17 tap 1400 reward 31530
C:\Users\user\Documents\GitHub\kimyibae_AB\python_client\experiences_gathering\startAt_20180526_1713_132\level2_shot0_20180526_195838 level2 angle 55 tap 2200 reward 60720
C:\Users\user\Documents\GitHub\kimyibae_AB\python_client\experiences_gathering\startAt_20180526_1713_133\level2_shot0_20180526_195917 level2 angle 56 tap 800 reward 60970
C:\Users\user\Documents\GitHub\kimyibae_AB\python_client\experiences_gathering\startAt_20180526_1713_135\level2_shot0_20180526_200100 level2 angle 58 tap 1800 reward 61170
C:\Users\user\Documents\GitHub\kimyibae_AB\python_client\experiences_gathering\startAt_20180526_1713_138\level2_shot0_20180526_200544 level2 angle 61 tap 1000 reward 61520
C:\Users\user\Documents\GitHub\kimyibae_AB\python_client\experiences_gathering\startAt_20180526_1713_14\level1_shot0_20180526_172456 level1 angle 18 tap 1800 reward 31910
C:\Users\user\Documents\GitHub\kimyibae_AB\python_client\experiences_gathering\startAt_20180526_1713_144\level2_shot0_20180526_201608 level2 angle 67 tap 1600 reward 61340
C:\Users\user\Documents\GitHub\kimyibae_AB\python_client\experiences_gathering\startAt_20180526_1713_15\level1_shot0_20180526_172525 level1 angle 19 tap 2300 reward 30380
C:\Users\user\Documents\GitHub\kimyibae_AB\python_client\experiences_gathering\startAt_20180526_1713_16\level1_shot0_20180526_172602 level1 angle 20 tap 1600 reward 30940
C:\Users\user\Documents\GitHub\kimyibae_AB\python_client\experiences_gathering\startAt_20180526_1713_17\level1_shot0_20180526_172640 level1 angle 21 tap 1000 reward 33290
C:\Users\user\Documents\GitHub\kimyibae_AB\python_client\experiences_gathering\startAt_20180526_1713_177\level3_shot0_20180526_211644 level3 angle 19 tap 2100 reward 42700
C:\Users\user\Documents\GitHub\kimyibae_AB\python_client\experiences_gathering\startAt_20180526_1713_178\level3_shot0_20180526_211723 level3 angle 20 tap 900 reward 41950
C:\Users\user\Documents\GitHub\kimyibae_AB\python_client\experiences_gathering\startAt_20180526_1713_179\level3_shot0_20180526_211808 level3 angle 21 tap 1000 reward 41900
C:\Users\user\Documents\GitHub\kimyibae_AB\python_client\experiences_gathering\startAt_20180526_1713_18\level1_shot0_20180526_172710 level1 angle 22 tap 2400 reward 30350
C:\Users\user\Documents\GitHub\kimyibae_AB\python_client\experiences_gathering\startAt_20180526_1713_180\level3_shot0_20180526_211842 level3 angle 22 tap 1600 reward 41370
C:\Users\user\Documents\GitHub\kimyibae_AB\python_client\experiences_gathering\startAt_20180526_1713_181\level3_shot0_20180526_211917 level3 angle 23 tap 600 reward 42490
C:\Users\user\Documents\GitHub\kimyibae_AB\python_client\experiences_gathering\startAt_20180526_1713_182\level3_shot0_20180526_211957 level3 angle 24 tap 700 reward 41060
C:\Users\user\Documents\GitHub\kimyibae_AB\python_client\experiences_gathering\startAt_20180526_1713_184\level3_shot0_20180526_212245 level3 angle 26 tap 1000 reward 41700
C:\Users\user\Documents\GitHub\kimyibae_AB\python_client\experiences_gathering\startAt_20180526_1713_185\level3_shot0_20180526_212322 level3 angle 27 tap 2500 reward 41700
C:\Users\user\Documents\GitHub\kimyibae_AB\python_client\experiences_gathering\startAt_20180526_1713_187\level3_shot0_20180526_212555 level3 angle 29 tap 2000 reward 42030
C:\Users\user\Documents\GitHub\kimyibae_AB\python_client\experiences_gathering\startAt_20180526_1713_19\level1_shot0_20180526_172744 level1 angle 23 tap 1800 reward 28500
C:\Users\user\Documents\GitHub\kimyibae_AB\python_client\experiences_gathering\startAt_20180526_1713_20\level1_shot0_20180526_172816 level1 angle 24 tap 1300 reward 29800
C:\Users\user\Documents\GitHub\kimyibae_AB\python_client\experiences_gathering\startAt_20180526_1713_21\level1_shot0_20180526_172847 level1 angle 25 tap 1900 reward 29920
C:\Users\user\Documents\GitHub\kimyibae_AB\python_client\experiences_gathering\startAt_20180526_1713_22\level1_shot0_20180526_172918 level1 angle 26 tap 1500 reward 28680
C:\Users\user\Documents\GitHub\kimyibae_AB\python_client\experiences_gathering\startAt_20180526_1713_221\level3_shot0_20180526_222526 level3 angle 63 tap 1000 reward 40780
C:\Users\user\Documents\GitHub\kimyibae_AB\python_client\experiences_gathering\startAt_20180526_1713_222\level3_shot0_20180526_222614 level3 angle 64 tap 700 reward 40780
C:\Users\user\Documents\GitHub\kimyibae_AB\python_client\experiences_gathering\startAt_20180526_1713_223\level3_shot0_20180526_222705 level3 angle 65 tap 1300 reward 40550
C:\Users\user\Documents\GitHub\kimyibae_AB\python_client\experiences_gathering\startAt_20180526_1713_224\level3_shot0_20180526_222746 level3 angle 66 tap 1100 reward 40680
C:\Users\user\Documents\GitHub\kimyibae_AB\python_client\experiences_gathering\startAt_20180526_1713_225\level3_shot0_20180526_222822 level3 angle 67 tap 2000 reward 40610
C:\Users\user\Documents\GitHub\kimyibae_AB\python_client\experiences_gathering\startAt_20180526_1713_228\level3_shot0_20180526_223335 level3 angle 70 tap 700 reward 40290
C:\Users\user\Documents\GitHub\kimyibae_AB\python_client\experiences_gathering\startAt_20180526_1713_229\level3_shot0_20180526_223416 level3 angle 71 tap 1000 reward 41630
C:\Users\user\Documents\GitHub\kimyibae_AB\python_client\experiences_gathering\startAt_20180526_1713_23\level1_shot0_20180526_172949 level1 angle 27 tap 2400 reward 28040
C:\Users\user\Documents\GitHub\kimyibae_AB\python_client\experiences_gathering\startAt_20180526_1713_230\level3_shot0_20180526_223457 level3 angle 72 tap 1600 reward 41180
C:\Users\user\Documents\GitHub\kimyibae_AB\python_client\experiences_gathering\startAt_20180526_1713_231\level3_shot0_20180526_223539 level3 angle 73 tap 1900 reward 41180
C:\Users\user\Documents\GitHub\kimyibae_AB\python_client\experiences_gathering\startAt_20180526_1713_235\level3_shot0_20180526_224143 level3 angle 77 tap 2100 reward 40650
C:\Users\user\Documents\GitHub\kimyibae_AB\python_client\experiences_gathering\startAt_20180526_1713_24\level1_shot0_20180526_173021 level1 angle 28 tap 1600 reward 28380
C:\Users\user\Documents\GitHub\kimyibae_AB\python_client\experiences_gathering\startAt_20180526_1713_25\level1_shot0_20180526_173053 level1 angle 29 tap 1500 reward 29450
C:\Users\user\Documents\GitHub\kimyibae_AB\python_client\experiences_gathering\startAt_20180526_1713_26\level1_shot0_20180526_173130 level1 angle 30 tap 1500 reward 28600
C:\Users\user\Documents\GitHub\kimyibae_AB\python_client\experiences_gathering\startAt_20180526_1713_27\level1_shot0_20180526_173200 level1 angle 31 tap 1100 reward 27290
C:\Users\user\Documents\GitHub\kimyibae_AB\python_client\experiences_gathering\startAt_20180526_1713_28\level1_shot0_20180526_173230 level1 angle 32 tap 1500 reward 29760
C:\Users\user\Documents\GitHub\kimyibae_AB\python_client\experiences_gathering\startAt_20180526_1713_29\level1_shot0_20180526_173304 level1 angle 33 tap 1300 reward 29610
C:\Users\user\Documents\GitHub\kimyibae_AB\python_client\experiences_gathering\startAt_20180526_1713_6\level1_shot0_20180526_172056 level1 angle 10 tap 2100 reward 29980
C:\Users\user\Documents\GitHub\kimyibae_AB\python_client\experiences_gathering\startAt_20180526_1713_7\level1_shot0_20180526_172125 level1 angle 11 tap 700 reward 29270
C:\Users\user\Documents\GitHub\kimyibae_AB\python_client\experiences_gathering\startAt_20180526_1713_70\level1_shot0_20180526_182149 level1 angle 74 tap 1000 reward 31110
C:\Users\user\Documents\GitHub\kimyibae_AB\python_client\experiences_gathering\startAt_20180526_1713_71\level1_shot0_20180526_182225 level1 angle 75 tap 2500 reward 28590
C:\Users\user\Documents\GitHub\kimyibae_AB\python_client\experiences_gathering\startAt_20180526_1713_8\level1_shot0_20180526_172156 level1 angle 12 tap 600 reward 28550
C:\Users\user\Documents\GitHub\kimyibae_AB\python_client\experiences_gathering\startAt_20180526_1713_9\level1_shot0_20180526_172223 level1 angle 13 tap 700 reward 29040
C:\Users\user\Documents\GitHub\kimyibae_AB\python_client\experiences_gathering\startAt_20180527_0231_18\level5_shot0_20180527_025849 level5 angle 22 tap 1100 reward 62840
C:\Users\user\Documents\GitHub\kimyibae_AB\python_client\experiences_gathering\startAt_20180527_0231_181\level7_shot0_20180527_070231 level7 angle 23 tap 1900 reward 45590
C:\Users\user\Documents\GitHub\kimyibae_AB\python_client\experiences_gathering\startAt_20180527_0231_182\level7_shot0_20180527_070307 level7 angle 24 tap 1200 reward 45690
C:\Users\user\Documents\GitHub\kimyibae_AB\python_client\experiences_gathering\startAt_20180527_0231_183\level7_shot0_20180527_070339 level7 angle 25 tap 1200 reward 45870
C:\Users\user\Documents\GitHub\kimyibae_AB\python_client\experiences_gathering\startAt_20180527_0231_24\level5_shot0_20180527_030623 level5 angle 28 tap 2500 reward 64720
C:\Users\user\Documents\GitHub\kimyibae_AB\python_client\experiences_gathering\startAt_20180527_0231_26\level5_shot0_20180527_030840 level5 angle 30 tap 800 reward 68620
C:\Users\user\Documents\GitHub\kimyibae_AB\python_client\experiences_gathering\startAt_20180527_0231_27\level5_shot0_20180527_030914 level5 angle 31 tap 2400 reward 62720
C:\Users\user\Documents\GitHub\kimyibae_AB\python_client\experiences_gathering\startAt_20180527_0231_28\level5_shot0_20180527_030946 level5 angle 32 tap 900 reward 64240
C:\Users\user\Documents\GitHub\kimyibae_AB\python_client\experiences_gathering\startAt_20180527_0231_32\level5_shot0_20180527_031435 level5 angle 36 tap 1400 reward 63800
C:\Users\user\Documents\GitHub\kimyibae_AB\python_client\experiences_gathering\startAt_20180527_0231_34\level5_shot0_20180527_031608 level5 angle 38 tap 700 reward 63990
C:\Users\user\Documents\GitHub\kimyibae_AB\python_client\experiences_gathering\startAt_20180527_0231_35\level5_shot0_20180527_031638 level5 angle 39 tap 600 reward 63990
C:\Users\user\Documents\GitHub\kimyibae_AB\python_client\experiences_gathering\startAt_20180527_0231_37\level5_shot0_20180527_031839 level5 angle 41 tap 2000 reward 72710
C:\Users\user\Documents\GitHub\kimyibae_AB\python_client\experiences_gathering\startAt_20180527_0231_59\level5_shot0_20180527_035214 level5 angle 63 tap 2000 reward 64980
C:\Users\user\Documents\GitHub\kimyibae_AB\python_client\experiences_gathering\startAt_20180527_0231_64\level5_shot0_20180527_035845 level5 angle 68 tap 600 reward 66070
C:\Users\user\Documents\GitHub\kimyibae_AB\python_client\experiences_gathering\startAt_20180527_0231_66\level5_shot0_20180527_040057 level5 angle 70 tap 1800 reward 64080
C:\Users\user\Documents\GitHub\kimyibae_AB\python_client\experiences_gathering\startAt_20180527_0305_19\level5_shot0_20180527_035549 level5 angle 23 tap 1800 reward 62840
C:\Users\user\Documents\GitHub\kimyibae_AB\python_client\experiences_gathering\startAt_20180527_0305_27\level5_shot0_20180527_041102 level5 angle 31 tap 1700 reward 62510
C:\Users\user\Documents\GitHub\kimyibae_AB\python_client\experiences_gathering\startAt_20180527_0305_28\level5_shot0_20180527_041214 level5 angle 32 tap 1600 reward 62720
C:\Users\user\Documents\GitHub\kimyibae_AB\python_client\experiences_gathering\startAt_20180527_0305_33\level5_shot0_20180527_042209 level5 angle 37 tap 1900 reward 67570
C:\Users\user\Documents\GitHub\kimyibae_AB\python_client\experiences_gathering\startAt_20180527_0305_34\level5_shot0_20180527_042246 level5 angle 38 tap 1700 reward 66430
C:\Users\user\Documents\GitHub\kimyibae_AB\python_client\experiences_gathering\startAt_20180527_0305_35\level5_shot0_20180527_042339 level5 angle 39 tap 600 reward 66430
C:\Users\user\Documents\GitHub\kimyibae_AB\python_client\experiences_gathering\startAt_20180527_0305_64\level5_shot0_20180527_053242 level5 angle 68 tap 1300 reward 66710
C:\Users\user\Documents\GitHub\kimyibae_AB\python_client\experiences_gathering\startAt_20180527_0305_65\level5_shot0_20180527_053327 level5 angle 69 tap 1400 reward 63010
C:\Users\user\Documents\GitHub\kimyibae_AB\python_client\experiences_gathering\startAt_20180527_0305_66\level5_shot0_20180527_053416 level5 angle 70 tap 2100 reward 62460
C:\Users\user\Documents\GitHub\kimyibae_AB\python_client\experiences_gathering\startAt_20180527_1510_138\level9_shot0_20180527_185331 level9 angle 26 tap 2500 reward 49310
C:\Users\user\Documents\GitHub\kimyibae_AB\python_client\experiences_gathering\startAt_20180527_1510_66\level8_shot0_20180527_170257 level8 angle 35 tap 1700 reward 57760
C:\Users\user\Documents\GitHub\kimyibae_AB\python_client\experiences_gathering\startAt_20180527_1510_74\level8_shot0_20180527_171435 level8 angle 43 tap 1500 reward 54430
C:\Users\user\Documents\GitHub\kimyibae_AB\python_client\experiences_gathering\startAt_20180527_2059_78\level10_shot0_20180527_234506 level1 angle 46 tap 2500 reward 68740
C:\Users\user\Documents\GitHub\kimyibae_AB\python_client\experiences_gathering\startAt_20180527_2059_78\level10_shot0_20180527_234506 level10 angle 46 tap 2500 reward 68740
C:\Users\user\Documents\GitHub\kimyibae_AB\python_client\experiences_gathering\startAt_20180528_0121_19\level11_shot0_20180528_014759 level11 angle 23 tap 600 reward 55160
C:\Users\user\Documents\GitHub\kimyibae_AB\python_client\experiences_gathering\startAt_20180528_0121_19\level11_shot0_20180528_014759 level1 angle 23 tap 600 reward 55160
C:\Users\user\Documents\GitHub\kimyibae_AB\python_client\experiences_gathering\startAt_20180528_0121_29\level11_shot0_20180528_020209 level11 angle 33 tap 700 reward 55750
C:\Users\user\Documents\GitHub\kimyibae_AB\python_client\experiences_gathering\startAt_20180528_0121_29\level11_shot0_20180528_020209 level1 angle 33 tap 700 reward 55750
C:\Users\user\Documents\GitHub\kimyibae_AB\python_client\experiences_gathering\startAt_20180528_0121_30\level11_shot0_20180528_020242 level11 angle 34 tap 2500 reward 56970
C:\Users\user\Documents\GitHub\kimyibae_AB\python_client\experiences_gathering\startAt_20180528_0121_30\level11_shot0_20180528_020242 level1 angle 34 tap 2500 reward 56970
C:\Users\user\Documents\GitHub\kimyibae_AB\python_client\experiences_gathering\startAt_20180528_0121_32\level11_shot0_20180528_020513 level11 angle 36 tap 1500 reward 55930
C:\Users\user\Documents\GitHub\kimyibae_AB\python_client\experiences_gathering\startAt_20180528_0121_32\level11_shot0_20180528_020513 level1 angle 36 tap 1500 reward 55930
C:\Users\user\Documents\GitHub\kimyibae_AB\python_client\experiences_gathering\startAt_20180528_0121_33\level11_shot0_20180528_020548 level11 angle 37 tap 1800 reward 55930
C:\Users\user\Documents\GitHub\kimyibae_AB\python_client\experiences_gathering\startAt_20180528_0121_33\level11_shot0_20180528_020548 level1 angle 37 tap 1800 reward 55930
C:\Users\user\Documents\GitHub\kimyibae_AB\python_client\experiences_gathering\startAt_20180528_1429_22\level12_shot0_20180528_150236 level12 angle 30 tap 1500 reward 58090
C:\Users\user\Documents\GitHub\kimyibae_AB\python_client\experiences_gathering\startAt_20180528_1429_22\level12_shot0_20180528_150236 level1 angle 30 tap 1500 reward 58090
C:\Users\user\Documents\GitHub\kimyibae_AB\python_client\experiences_gathering\startAt_20180528_1429_55\level12_shot0_20180528_155741 level12 angle 63 tap 1200 reward 54400
C:\Users\user\Documents\GitHub\kimyibae_AB\python_client\experiences_gathering\startAt_20180528_1429_55\level12_shot0_20180528_155741 level1 angle 63 tap 1200 reward 54400
C:\Users\user\Documents\GitHub\kimyibae_AB\python_client\experiences_gathering\startAt_20180528_2233_1\level13_shot0_20180528_223337 level1 angle 63 tap 2100 reward 47940
C:\Users\user\Documents\GitHub\kimyibae_AB\python_client\experiences_gathering\startAt_20180528_2233_1\level13_shot0_20180528_223337 level13 angle 63 tap 2100 reward 47940
C:\Users\user\Documents\GitHub\kimyibae_AB\python_client\experiences_gathering\startAt_20180528_2242_2\level13_shot0_20180528_224539 level1 angle 65 tap 1700 reward 49050
C:\Users\user\Documents\GitHub\kimyibae_AB\python_client\experiences_gathering\startAt_20180528_2242_2\level13_shot0_20180528_224539 level13 angle 65 tap 1700 reward 49050
C:\Users\user\Documents\GitHub\kimyibae_AB\python_client\experiences_gathering\startAt_20180529_0109_101\level5_shot0_20180529_055213 level5 angle 24 tap 600 reward 65140
C:\Users\user\Documents\GitHub\kimyibae_AB\python_client\experiences_gathering\startAt_20180529_0109_106\level5_shot0_20180529_060750 level5 angle 29 tap 2500 reward 64720
C:\Users\user\Documents\GitHub\kimyibae_AB\python_client\experiences_gathering\startAt_20180529_0109_107\level5_shot0_20180529_060850 level5 angle 30 tap 1900 reward 68780
C:\Users\user\Documents\GitHub\kimyibae_AB\python_client\experiences_gathering\startAt_20180529_0109_108\level5_shot0_20180529_060947 level5 angle 31 tap 700 reward 68620
C:\Users\user\Documents\GitHub\kimyibae_AB\python_client\experiences_gathering\startAt_20180529_0109_109\level5_shot0_20180529_061112 level5 angle 32 tap 1300 reward 64430
C:\Users\user\Documents\GitHub\kimyibae_AB\python_client\experiences_gathering\startAt_20180529_0109_110\level5_shot0_20180529_061213 level5 angle 33 tap 600 reward 64240
C:\Users\user\Documents\GitHub\kimyibae_AB\python_client\experiences_gathering\startAt_20180529_0109_111\level5_shot0_20180529_061303 level5 angle 34 tap 2400 reward 64240
