C:\Users\user\Documents\GitHub\kimyibae_AB\python_client\experiences_gathering\startAt_20180526_1713_102\level2_shot1_20180526_191145\s_2_34_2300_WON.png_seg.png [34, 2300] 45430
['C:\\Users\\user\\Documents\\GitHub\\kimyibae_AB\\python_client\\experiences_gathering\\startAt_20180526_1713_102\\level2_shot0_20180526_191117\\s_1_25_2300_PLAYING.png_seg.png'] [25, 2300] 6120
C:\Users\user\Documents\GitHub\kimyibae_AB\python_client\experiences_gathering\startAt_20180526_1713_104\level2_shot1_20180526_191428\s_2_32_600_WON.png_seg.png [32, 600] 45440
['C:\\Users\\user\\Documents\\GitHub\\kimyibae_AB\\python_client\\experiences_gathering\\startAt_20180526_1713_104\\level2_shot0_20180526_191358\\s_1_27_1600_PLAYING.png_seg.png'] [27, 1600] 6650
C:\Users\user\Documents\GitHub\kimyibae_AB\python_client\experiences_gathering\startAt_20180526_1713_134\level2_shot1_20180526_200026\s_2_15_1600_WON.png_seg.png [15, 1600] 41090
['C:\\Users\\user\\Documents\\GitHub\\kimyibae_AB\\python_client\\experiences_gathering\\startAt_20180526_1713_134\\level2_shot0_20180526_195953\\s_1_57_1200_PLAYING.png_seg.png'] [57, 1200] 10680
C:\Users\user\Documents\GitHub\kimyibae_AB\python_client\experiences_gathering\startAt_20180526_1713_145\level2_shot1_20180526_201727\s_2_9_700_WON.png_seg.png [9, 700] 46120
['C:\\Users\\user\\Documents\\GitHub\\kimyibae_AB\\python_client\\experiences_gathering\\startAt_20180526_1713_145\\level2_shot0_20180526_201655\\s_1_68_500_PLAYING.png_seg.png'] [68, 500] 5310
C:\Users\user\Documents\GitHub\kimyibae_AB\python_client\experiences_gathering\startAt_20180526_1713_149\level2_shot1_20180526_202532\s_2_27_2500_WON.png_seg.png [27, 2500] 36670
['C:\\Users\\user\\Documents\\GitHub\\kimyibae_AB\\python_client\\experiences_gathering\\startAt_20180526_1713_149\\level2_shot0_20180526_202450\\s_1_72_2300_PLAYING.png_seg.png'] [72, 2300] 15700
C:\Users\user\Documents\GitHub\kimyibae_AB\python_client\experiences_gathering\startAt_20180526_1713_152\level2_shot1_20180526_203046\s_2_47_700_WON.png_seg.png [47, 700] 45310
['C:\\Users\\user\\Documents\\GitHub\\kimyibae_AB\\python_client\\experiences_gathering\\startAt_20180526_1713_152\\level2_shot0_20180526_203013\\s_1_75_1400_PLAYING.png_seg.png'] [75, 1400] 6080
C:\Users\user\Documents\GitHub\kimyibae_AB\python_client\experiences_gathering\startAt_20180526_1713_167\level3_shot1_20180526_210115\s_2_19_1800_WON.png_seg.png [19, 1800] 32700
['C:\\Users\\user\\Documents\\GitHub\\kimyibae_AB\\python_client\\experiences_gathering\\startAt_20180526_1713_167\\level3_shot0_20180526_210047\\s_1_9_2000_PLAYING.png_seg.png'] [9, 2000] 0
C:\Users\user\Documents\GitHub\kimyibae_AB\python_client\experiences_gathering\startAt_20180526_1713_168\level3_shot1_20180526_210214\s_2_71_700_WON.png_seg.png [71, 700] 30710
['C:\\Users\\user\\Documents\\GitHub\\kimyibae_AB\\python_client\\experiences_gathering\\startAt_20180526_1713_168\\level3_shot0_20180526_210149\\s_1_10_1400_PLAYING.png_seg.png'] [10, 1400] 0
C:\Users\user\Documents\GitHub\kimyibae_AB\python_client\experiences_gathering\startAt_20180526_1713_171\level3_shot1_20180526_210642\s_2_65_1900_WON.png_seg.png [65, 1900] 30680
['C:\\Users\\user\\Documents\\GitHub\\kimyibae_AB\\python_client\\experiences_gathering\\startAt_20180526_1713_171\\level3_shot0_20180526_210616\\s_1_13_500_PLAYING.png_seg.png'] [13, 500] 0
C:\Users\user\Documents\GitHub\kimyibae_AB\python_client\experiences_gathering\startAt_20180526_1713_189\level3_shot1_20180526_212904\s_2_19_1500_WON.png_seg.png [19, 1500] 31710
['C:\\Users\\user\\Documents\\GitHub\\kimyibae_AB\\python_client\\experiences_gathering\\startAt_20180526_1713_189\\level3_shot0_20180526_212832\\s_1_31_1800_PLAYING.png_seg.png'] [31, 1800] 3430
C:\Users\user\Documents\GitHub\kimyibae_AB\python_client\experiences_gathering\startAt_20180526_1713_197\level3_shot1_20180526_214500\s_2_72_900_WON.png_seg.png [72, 900] 31180
['C:\\Users\\user\\Documents\\GitHub\\kimyibae_AB\\python_client\\experiences_gathering\\startAt_20180526_1713_197\\level3_shot0_20180526_214429\\s_1_39_1100_PLAYING.png_seg.png'] [39, 1100] 1250
C:\Users\user\Documents\GitHub\kimyibae_AB\python_client\experiences_gathering\startAt_20180526_1713_202\level3_shot1_20180526_215323\s_2_20_1900_WON.png_seg.png [20, 1900] 32700
['C:\\Users\\user\\Documents\\GitHub\\kimyibae_AB\\python_client\\experiences_gathering\\startAt_20180526_1713_202\\level3_shot0_20180526_215255\\s_1_44_600_PLAYING.png_seg.png'] [44, 600] 0
C:\Users\user\Documents\GitHub\kimyibae_AB\python_client\experiences_gathering\startAt_20180526_1713_203\level3_shot1_20180526_215428\s_2_6_1800_WON.png_seg.png [6, 1800] 30080
['C:\\Users\\user\\Documents\\GitHub\\kimyibae_AB\\python_client\\experiences_gathering\\startAt_20180526_1713_203\\level3_shot0_20180526_215359\\s_1_45_2200_PLAYING.png_seg.png'] [45, 2200] 0
C:\Users\user\Documents\GitHub\kimyibae_AB\python_client\experiences_gathering\startAt_20180526_1713_205\level3_shot1_20180526_215733\s_2_25_2000_WON.png_seg.png [25, 2000] 31060
['C:\\Users\\user\\Documents\\GitHub\\kimyibae_AB\\python_client\\experiences_gathering\\startAt_20180526_1713_205\\level3_shot0_20180526_215705\\s_1_47_500_PLAYING.png_seg.png'] [47, 500] 0
C:\Users\user\Documents\GitHub\kimyibae_AB\python_client\experiences_gathering\startAt_20180526_1713_206\level3_shot1_20180526_215844\s_2_67_1500_WON.png_seg.png [67, 1500] 30610
['C:\\Users\\user\\Documents\\GitHub\\kimyibae_AB\\python_client\\experiences_gathering\\startAt_20180526_1713_206\\level3_shot0_20180526_215814\\s_1_48_1500_PLAYING.png_seg.png'] [48, 1500] 0
C:\Users\user\Documents\GitHub\kimyibae_AB\python_client\experiences_gathering\startAt_20180526_1713_209\level3_shot1_20180526_220332\s_2_9_1800_WON.png_seg.png [9, 1800] 30410
['C:\\Users\\user\\Documents\\GitHub\\kimyibae_AB\\python_client\\experiences_gathering\\startAt_20180526_1713_209\\level3_shot0_20180526_220304\\s_1_51_700_PLAYING.png_seg.png'] [51, 700] 0
C:\Users\user\Documents\GitHub\kimyibae_AB\python_client\experiences_gathering\startAt_20180526_1713_211\level3_shot1_20180526_220703\s_2_9_1700_WON.png_seg.png [9, 1700] 30410
['C:\\Users\\user\\Documents\\GitHub\\kimyibae_AB\\python_client\\experiences_gathering\\startAt_20180526_1713_211\\level3_shot0_20180526_220633\\s_1_53_1400_PLAYING.png_seg.png'] [53, 1400] 0
C:\Users\user\Documents\GitHub\kimyibae_AB\python_client\experiences_gathering\startAt_20180526_1713_234\level3_shot1_20180526_224057\s_2_63_2400_WON.png_seg.png [63, 2400] 30780
['C:\\Users\\user\\Documents\\GitHub\\kimyibae_AB\\python_client\\experiences_gathering\\startAt_20180526_1713_234\\level3_shot0_20180526_224028\\s_1_76_1700_PLAYING.png_seg.png'] [76, 1700] 0
C:\Users\user\Documents\GitHub\kimyibae_AB\python_client\experiences_gathering\startAt_20180526_1713_238\level3_shot1_20180526_224647\s_2_26_1300_WON.png_seg.png [26, 1300] 31420
['C:\\Users\\user\\Documents\\GitHub\\kimyibae_AB\\python_client\\experiences_gathering\\startAt_20180526_1713_238\\level3_shot0_20180526_224618\\s_1_80_2000_PLAYING.png_seg.png'] [80, 2000] 0
C:\Users\user\Documents\GitHub\kimyibae_AB\python_client\experiences_gathering\startAt_20180526_1713_241\level3_shot1_20180526_225156\s_2_6_1300_WON.png_seg.png [6, 1300] 30080
['C:\\Users\\user\\Documents\\GitHub\\kimyibae_AB\\python_client\\experiences_gathering\\startAt_20180526_1713_241\\level3_shot0_20180526_225128\\s_1_83_500_PLAYING.png_seg.png'] [83, 500] 0
C:\Users\user\Documents\GitHub\kimyibae_AB\python_client\experiences_gathering\startAt_20180526_1713_260\level4_shot1_20180526_233025\s_2_12_1400_WON.png_seg.png [12, 1400] 25830
['C:\\Users\\user\\Documents\\GitHub\\kimyibae_AB\\python_client\\experiences_gathering\\startAt_20180526_1713_260\\level4_shot0_20180526_232951\\s_1_21_1400_PLAYING.png_seg.png'] [21, 1400] 2380
C:\Users\user\Documents\GitHub\kimyibae_AB\python_client\experiences_gathering\startAt_20180526_1713_265\level4_shot1_20180526_233959\s_2_20_1200_WON.png_seg.png [20, 1200] 26360
['C:\\Users\\user\\Documents\\GitHub\\kimyibae_AB\\python_client\\experiences_gathering\\startAt_20180526_1713_265\\level4_shot0_20180526_233924\\s_1_26_1000_PLAYING.png_seg.png'] [26, 1000] 2020
C:\Users\user\Documents\GitHub\kimyibae_AB\python_client\experiences_gathering\startAt_20180526_1713_33\level1_shot1_20180526_173758\s_2_10_2000_WON.png_seg.png [10, 2000] 19980
['C:\\Users\\user\\Documents\\GitHub\\kimyibae_AB\\python_client\\experiences_gathering\\startAt_20180526_1713_33\\level1_shot0_20180526_173733\\s_1_37_700_PLAYING.png_seg.png'] [37, 700] 0
C:\Users\user\Documents\GitHub\kimyibae_AB\python_client\experiences_gathering\startAt_20180526_1713_34\level1_shot1_20180526_173852\s_2_25_2200_WON.png_seg.png [25, 2200] 19920
['C:\\Users\\user\\Documents\\GitHub\\kimyibae_AB\\python_client\\experiences_gathering\\startAt_20180526_1713_34\\level1_shot0_20180526_173826\\s_1_38_1400_PLAYING.png_seg.png'] [38, 1400] 0
C:\Users\user\Documents\GitHub\kimyibae_AB\python_client\experiences_gathering\startAt_20180526_1713_36\level1_shot1_20180526_174111\s_2_30_2500_WON.png_seg.png [30, 2500] 18600
['C:\\Users\\user\\Documents\\GitHub\\kimyibae_AB\\python_client\\experiences_gathering\\startAt_20180526_1713_36\\level1_shot0_20180526_174046\\s_1_40_800_PLAYING.png_seg.png'] [40, 800] 0
C:\Users\user\Documents\GitHub\kimyibae_AB\python_client\experiences_gathering\startAt_20180526_1713_42\level1_shot1_20180526_174830\s_2_20_2100_WON.png_seg.png [20, 2100] 20940
['C:\\Users\\user\\Documents\\GitHub\\kimyibae_AB\\python_client\\experiences_gathering\\startAt_20180526_1713_42\\level1_shot0_20180526_174805\\s_1_46_1800_PLAYING.png_seg.png'] [46, 1800] 0
C:\Users\user\Documents\GitHub\kimyibae_AB\python_client\experiences_gathering\startAt_20180526_1713_57\level1_shot1_20180526_180744\s_2_16_900_WON.png_seg.png [16, 900] 20830
['C:\\Users\\user\\Documents\\GitHub\\kimyibae_AB\\python_client\\experiences_gathering\\startAt_20180526_1713_57\\level1_shot0_20180526_180719\\s_1_61_1400_PLAYING.png_seg.png'] [61, 1400] 0
C:\Users\user\Documents\GitHub\kimyibae_AB\python_client\experiences_gathering\startAt_20180526_1713_58\level1_shot1_20180526_180834\s_2_27_2100_WON.png_seg.png [27, 2100] 18040
['C:\\Users\\user\\Documents\\GitHub\\kimyibae_AB\\python_client\\experiences_gathering\\startAt_20180526_1713_58\\level1_shot0_20180526_180810\\s_1_62_600_PLAYING.png_seg.png'] [62, 600] 0
C:\Users\user\Documents\GitHub\kimyibae_AB\python_client\experiences_gathering\startAt_20180526_1713_60\level1_shot1_20180526_181045\s_2_32_2100_WON.png_seg.png [32, 2100] 19760
['C:\\Users\\user\\Documents\\GitHub\\kimyibae_AB\\python_client\\experiences_gathering\\startAt_20180526_1713_60\\level1_shot0_20180526_181019\\s_1_64_2200_PLAYING.png_seg.png'] [64, 2200] 0
C:\Users\user\Documents\GitHub\kimyibae_AB\python_client\experiences_gathering\startAt_20180526_1713_62\level1_shot1_20180526_181311\s_2_11_2100_WON.png_seg.png [11, 2100] 19270
['C:\\Users\\user\\Documents\\GitHub\\kimyibae_AB\\python_client\\experiences_gathering\\startAt_20180526_1713_62\\level1_shot0_20180526_181247\\s_1_66_600_PLAYING.png_seg.png'] [66, 600] 0
C:\Users\user\Documents\GitHub\kimyibae_AB\python_client\experiences_gathering\startAt_20180526_1713_64\level1_shot1_20180526_181523\s_2_33_600_WON.png_seg.png [33, 600] 19610
['C:\\Users\\user\\Documents\\GitHub\\kimyibae_AB\\python_client\\experiences_gathering\\startAt_20180526_1713_64\\level1_shot0_20180526_181500\\s_1_68_700_PLAYING.png_seg.png'] [68, 700] 0
C:\Users\user\Documents\GitHub\kimyibae_AB\python_client\experiences_gathering\startAt_20180526_1713_65\level1_shot1_20180526_181619\s_2_16_2000_WON.png_seg.png [16, 2000] 20830
['C:\\Users\\user\\Documents\\GitHub\\kimyibae_AB\\python_client\\experiences_gathering\\startAt_20180526_1713_65\\level1_shot0_20180526_181554\\s_1_69_1600_PLAYING.png_seg.png'] [69, 1600] 0
C:\Users\user\Documents\GitHub\kimyibae_AB\python_client\experiences_gathering\startAt_20180526_1713_67\level1_shot1_20180526_181833\s_2_18_1700_WON.png_seg.png [18, 1700] 21910
['C:\\Users\\user\\Documents\\GitHub\\kimyibae_AB\\python_client\\experiences_gathering\\startAt_20180526_1713_67\\level1_shot0_20180526_181807\\s_1_71_1700_PLAYING.png_seg.png'] [71, 1700] 0
C:\Users\user\Documents\GitHub\kimyibae_AB\python_client\experiences_gathering\startAt_20180526_1713_73\level1_shot1_20180526_182455\s_2_34_1700_WON.png_seg.png [34, 1700] 18950
['C:\\Users\\user\\Documents\\GitHub\\kimyibae_AB\\python_client\\experiences_gathering\\startAt_20180526_1713_73\\level1_shot0_20180526_182425\\s_1_77_700_PLAYING.png_seg.png'] [77, 700] 900
C:\Users\user\Documents\GitHub\kimyibae_AB\python_client\experiences_gathering\startAt_20180526_1713_74\level1_shot1_20180526_182603\s_2_26_2400_WON.png_seg.png [26, 2400] 18010
['C:\\Users\\user\\Documents\\GitHub\\kimyibae_AB\\python_client\\experiences_gathering\\startAt_20180526_1713_74\\level1_shot0_20180526_182530\\s_1_78_600_PLAYING.png_seg.png'] [78, 600] 60
C:\Users\user\Documents\GitHub\kimyibae_AB\python_client\experiences_gathering\startAt_20180526_1713_76\level1_shot1_20180526_182824\s_2_24_1800_WON.png_seg.png [24, 1800] 20460
['C:\\Users\\user\\Documents\\GitHub\\kimyibae_AB\\python_client\\experiences_gathering\\startAt_20180526_1713_76\\level1_shot0_20180526_182759\\s_1_80_2300_PLAYING.png_seg.png'] [80, 2300] 0
C:\Users\user\Documents\GitHub\kimyibae_AB\python_client\experiences_gathering\startAt_20180526_1713_85\level2_shot1_20180526_184242\s_2_53_900_WON.png_seg.png [53, 900] 40480
['C:\\Users\\user\\Documents\\GitHub\\kimyibae_AB\\python_client\\experiences_gathering\\startAt_20180526_1713_85\\level2_shot0_20180526_184214\\s_1_8_1500_PLAYING.png_seg.png'] [8, 1500] 10800
C:\Users\user\Documents\GitHub\kimyibae_AB\python_client\experiences_gathering\startAt_20180526_1713_86\level2_shot1_20180526_184348\s_2_28_1400_WON.png_seg.png [28, 1400] 36040
['C:\\Users\\user\\Documents\\GitHub\\kimyibae_AB\\python_client\\experiences_gathering\\startAt_20180526_1713_86\\level2_shot0_20180526_184315\\s_1_9_1100_PLAYING.png_seg.png'] [9, 1100] 16120
C:\Users\user\Documents\GitHub\kimyibae_AB\python_client\experiences_gathering\startAt_20180526_1713_87\level2_shot1_20180526_184447\s_2_53_2500_WON.png_seg.png [53, 2500] 45500
['C:\\Users\\user\\Documents\\GitHub\\kimyibae_AB\\python_client\\experiences_gathering\\startAt_20180526_1713_87\\level2_shot0_20180526_184418\\s_1_10_1800_PLAYING.png_seg.png'] [10, 1800] 6050
C:\Users\user\Documents\GitHub\kimyibae_AB\python_client\experiences_gathering\startAt_20180526_1713_90\level2_shot1_20180526_184924\s_2_51_2400_WON.png_seg.png [51, 2400] 40570
['C:\\Users\\user\\Documents\\GitHub\\kimyibae_AB\\python_client\\experiences_gathering\\startAt_20180526_1713_90\\level2_shot0_20180526_184852\\s_1_13_1300_PLAYING.png_seg.png'] [13, 1300] 11100
C:\Users\user\Documents\GitHub\kimyibae_AB\python_client\experiences_gathering\startAt_20180526_1713_94\level2_shot1_20180526_185624\s_2_45_700_WON.png_seg.png [45, 700] 35700
['C:\\Users\\user\\Documents\\GitHub\\kimyibae_AB\\python_client\\experiences_gathering\\startAt_20180526_1713_94\\level2_shot0_20180526_185554\\s_1_17_1700_PLAYING.png_seg.png'] [17, 1700] 16140
C:\Users\user\Documents\GitHub\kimyibae_AB\python_client\experiences_gathering\startAt_20180526_1713_98\level2_shot1_20180526_190406\s_2_38_1300_WON.png_seg.png [38, 1300] 40260
['C:\\Users\\user\\Documents\\GitHub\\kimyibae_AB\\python_client\\experiences_gathering\\startAt_20180526_1713_98\\level2_shot0_20180526_190336\\s_1_21_1900_PLAYING.png_seg.png'] [21, 1900] 12090
C:\Users\user\Documents\GitHub\kimyibae_AB\python_client\experiences_gathering\startAt_20180527_0231_10\level5_shot1_20180527_024821\s_2_19_1700_WON.png_seg.png [19, 1700] 54050
['C:\\Users\\user\\Documents\\GitHub\\kimyibae_AB\\python_client\\experiences_gathering\\startAt_20180527_0231_10\\level5_shot0_20180527_024800\\s_1_14_2000_PLAYING.png_seg.png'] [14, 2000] 490
C:\Users\user\Documents\GitHub\kimyibae_AB\python_client\experiences_gathering\startAt_20180527_0231_13\level5_shot1_20180527_025216\s_2_26_2100_WON.png_seg.png [26, 2100] 53130
['C:\\Users\\user\\Documents\\GitHub\\kimyibae_AB\\python_client\\experiences_gathering\\startAt_20180527_0231_13\\level5_shot0_20180527_025153\\s_1_17_2500_PLAYING.png_seg.png'] [17, 2500] 610
C:\Users\user\Documents\GitHub\kimyibae_AB\python_client\experiences_gathering\startAt_20180527_0231_166\level7_shot1_20180527_063840\s_2_25_1300_WON.png_seg.png [25, 1300] 35870
['C:\\Users\\user\\Documents\\GitHub\\kimyibae_AB\\python_client\\experiences_gathering\\startAt_20180527_0231_166\\level7_shot0_20180527_063817\\s_1_8_2300_PLAYING.png_seg.png'] [8, 2300] 0
C:\Users\user\Documents\GitHub\kimyibae_AB\python_client\experiences_gathering\startAt_20180527_0231_17\level5_shot1_20180527_025819\s_2_25_2200_WON.png_seg.png [25, 2200] 36700
['C:\\Users\\user\\Documents\\GitHub\\kimyibae_AB\\python_client\\experiences_gathering\\startAt_20180527_0231_17\\level5_shot0_20180527_025750\\s_1_21_2400_PLAYING.png_seg.png'] [21, 2400] 22400
C:\Users\user\Documents\GitHub\kimyibae_AB\python_client\experiences_gathering\startAt_20180527_0231_184\level7_shot1_20180527_070443\s_2_28_1200_WON.png_seg.png [28, 1200] 35850
['C:\\Users\\user\\Documents\\GitHub\\kimyibae_AB\\python_client\\experiences_gathering\\startAt_20180527_0231_184\\level7_shot0_20180527_070415\\s_1_26_1100_PLAYING.png_seg.png'] [26, 1100] 6960
C:\Users\user\Documents\GitHub\kimyibae_AB\python_client\experiences_gathering\startAt_20180527_0231_21\level5_shot1_20180527_030238\s_2_36_1900_WON.png_seg.png [36, 1900] 50700
['C:\\Users\\user\\Documents\\GitHub\\kimyibae_AB\\python_client\\experiences_gathering\\startAt_20180527_0231_21\\level5_shot0_20180527_030215\\s_1_25_1100_PLAYING.png_seg.png'] [25, 1100] 5850
C:\Users\user\Documents\GitHub\kimyibae_AB\python_client\experiences_gathering\startAt_20180527_0231_29\level5_shot1_20180527_031045\s_2_32_1600_WON.png_seg.png [32, 1600] 37550
['C:\\Users\\user\\Documents\\GitHub\\kimyibae_AB\\python_client\\experiences_gathering\\startAt_20180527_0231_29\\level5_shot0_20180527_031018\\s_1_33_1300_PLAYING.png_seg.png'] [33, 1300] 16880
C:\Users\user\Documents\GitHub\kimyibae_AB\python_client\experiences_gathering\startAt_20180527_0231_33\level5_shot1_20180527_031536\s_2_56_1800_WON.png_seg.png [56, 1800] 38600
['C:\\Users\\user\\Documents\\GitHub\\kimyibae_AB\\python_client\\experiences_gathering\\startAt_20180527_0231_33\\level5_shot0_20180527_031509\\s_1_37_1500_PLAYING.png_seg.png'] [37, 1500] 18190
C:\Users\user\Documents\GitHub\kimyibae_AB\python_client\experiences_gathering\startAt_20180527_0231_38\level5_shot1_20180527_031941\s_2_40_2300_WON.png_seg.png [40, 2300] 55060
['C:\\Users\\user\\Documents\\GitHub\\kimyibae_AB\\python_client\\experiences_gathering\\startAt_20180527_0231_38\\level5_shot0_20180527_031917\\s_1_42_1000_PLAYING.png_seg.png'] [42, 1000] 2030
C:\Users\user\Documents\GitHub\kimyibae_AB\python_client\experiences_gathering\startAt_20180527_0231_54\level5_shot1_20180527_034454\s_2_68_1500_WON.png_seg.png [68, 1500] 54450
['C:\\Users\\user\\Documents\\GitHub\\kimyibae_AB\\python_client\\experiences_gathering\\startAt_20180527_0231_54\\level5_shot0_20180527_034429\\s_1_58_1500_PLAYING.png_seg.png'] [58, 1500] 760
C:\Users\user\Documents\GitHub\kimyibae_AB\python_client\experiences_gathering\startAt_20180527_0231_62\level5_shot1_20180527_035712\s_2_65_2100_WON.png_seg.png [65, 2100] 55030
['C:\\Users\\user\\Documents\\GitHub\\kimyibae_AB\\python_client\\experiences_gathering\\startAt_20180527_0231_62\\level5_shot0_20180527_035645\\s_1_66_1500_PLAYING.png_seg.png'] [66, 1500] 7560
C:\Users\user\Documents\GitHub\kimyibae_AB\python_client\experiences_gathering\startAt_20180527_0231_63\level5_shot1_20180527_035812\s_2_68_500_WON.png_seg.png [68, 500] 60570
['C:\\Users\\user\\Documents\\GitHub\\kimyibae_AB\\python_client\\experiences_gathering\\startAt_20180527_0231_63\\level5_shot0_20180527_035743\\s_1_67_2000_PLAYING.png_seg.png'] [67, 2000] 1140
C:\Users\user\Documents\GitHub\kimyibae_AB\python_client\experiences_gathering\startAt_20180527_0231_98\level6_shot1_20180527_044912\s_2_26_1900_WON.png_seg.png [26, 1900] 26680
['C:\\Users\\user\\Documents\\GitHub\\kimyibae_AB\\python_client\\experiences_gathering\\startAt_20180527_0231_98\\level6_shot0_20180527_044848\\s_1_21_800_PLAYING.png_seg.png'] [21, 800] 7670
C:\Users\user\Documents\GitHub\kimyibae_AB\python_client\experiences_gathering\startAt_20180527_0305_13\level5_shot1_20180527_034002\s_2_23_1000_WON.png_seg.png [23, 1000] 50270
['C:\\Users\\user\\Documents\\GitHub\\kimyibae_AB\\python_client\\experiences_gathering\\startAt_20180527_0305_13\\level5_shot0_20180527_033928\\s_1_17_1900_PLAYING.png_seg.png'] [17, 1900] 630
C:\Users\user\Documents\GitHub\kimyibae_AB\python_client\experiences_gathering\startAt_20180527_0305_21\level5_shot1_20180527_035855\s_2_33_2000_WON.png_seg.png [33, 2000] 51460
['C:\\Users\\user\\Documents\\GitHub\\kimyibae_AB\\python_client\\experiences_gathering\\startAt_20180527_0305_21\\level5_shot0_20180527_035830\\s_1_25_1300_PLAYING.png_seg.png'] [25, 1300] 5880
C:\Users\user\Documents\GitHub\kimyibae_AB\python_client\experiences_gathering\startAt_20180527_0305_22\level5_shot1_20180527_040019\s_2_21_2300_WON.png_seg.png [21, 2300] 50860
['C:\\Users\\user\\Documents\\GitHub\\kimyibae_AB\\python_client\\experiences_gathering\\startAt_20180527_0305_22\\level5_shot0_20180527_035938\\s_1_26_2100_PLAYING.png_seg.png'] [26, 2100] 5880
C:\Users\user\Documents\GitHub\kimyibae_AB\python_client\experiences_gathering\startAt_20180527_0305_25\level5_shot1_20180527_040726\s_2_28_1000_WON.png_seg.png [28, 1000] 51610
['C:\\Users\\user\\Documents\\GitHub\\kimyibae_AB\\python_client\\experiences_gathering\\startAt_20180527_0305_25\\level5_shot0_20180527_040627\\s_1_29_1800_PLAYING.png_seg.png'] [29, 1800] 6080
C:\Users\user\Documents\GitHub\kimyibae_AB\python_client\experiences_gathering\startAt_20180527_0305_29\level5_shot1_20180527_041324\s_2_36_1400_WON.png_seg.png [36, 1400] 41160
['C:\\Users\\user\\Documents\\GitHub\\kimyibae_AB\\python_client\\experiences_gathering\\startAt_20180527_0305_29\\level5_shot0_20180527_041254\\s_1_33_1100_PLAYING.png_seg.png'] [33, 1100] 16390
C:\Users\user\Documents\GitHub\kimyibae_AB\python_client\experiences_gathering\startAt_20180527_0305_31\level5_shot1_20180527_041759\s_2_39_2500_WON.png_seg.png [39, 2500] 43190
['C:\\Users\\user\\Documents\\GitHub\\kimyibae_AB\\python_client\\experiences_gathering\\startAt_20180527_0305_31\\level5_shot0_20180527_041728\\s_1_35_1000_PLAYING.png_seg.png'] [35, 1000] 16760
C:\Users\user\Documents\GitHub\kimyibae_AB\python_client\experiences_gathering\startAt_20180527_0305_53\level5_shot1_20180527_051013\s_2_64_1000_WON.png_seg.png [64, 1000] 57260
['C:\\Users\\user\\Documents\\GitHub\\kimyibae_AB\\python_client\\experiences_gathering\\startAt_20180527_0305_53\\level5_shot0_20180527_050934\\s_1_57_1000_PLAYING.png_seg.png'] [57, 1000] 270
C:\Users\user\Documents\GitHub\kimyibae_AB\python_client\experiences_gathering\startAt_20180527_0305_57\level5_shot1_20180527_052047\s_2_68_1000_WON.png_seg.png [68, 1000] 55020
['C:\\Users\\user\\Documents\\GitHub\\kimyibae_AB\\python_client\\experiences_gathering\\startAt_20180527_0305_57\\level5_shot0_20180527_051938\\s_1_61_2200_PLAYING.png_seg.png'] [61, 2200] 2080
C:\Users\user\Documents\GitHub\kimyibae_AB\python_client\experiences_gathering\startAt_20180527_0305_60\level5_shot1_20180527_052724\s_2_64_1900_WON.png_seg.png [64, 1900] 33470
['C:\\Users\\user\\Documents\\GitHub\\kimyibae_AB\\python_client\\experiences_gathering\\startAt_20180527_0305_60\\level5_shot0_20180527_052603\\s_1_64_1600_PLAYING.png_seg.png'] [64, 1600] 26880
C:\Users\user\Documents\GitHub\kimyibae_AB\python_client\experiences_gathering\startAt_20180527_0305_61\level5_shot1_20180527_052857\s_2_66_2300_WON.png_seg.png [66, 2300] 33900
['C:\\Users\\user\\Documents\\GitHub\\kimyibae_AB\\python_client\\experiences_gathering\\startAt_20180527_0305_61\\level5_shot0_20180527_052803\\s_1_65_800_PLAYING.png_seg.png'] [65, 800] 26880
C:\Users\user\Documents\GitHub\kimyibae_AB\python_client\experiences_gathering\startAt_20180527_0305_62\level5_shot1_20180527_053015\s_2_68_2300_WON.png_seg.png [68, 2300] 56260
['C:\\Users\\user\\Documents\\GitHub\\kimyibae_AB\\python_client\\experiences_gathering\\startAt_20180527_0305_62\\level5_shot0_20180527_052937\\s_1_66_1200_PLAYING.png_seg.png'] [66, 1200] 2780
C:\Users\user\Documents\GitHub\kimyibae_AB\python_client\experiences_gathering\startAt_20180527_0305_67\level5_shot1_20180527_053543\s_2_64_600_WON.png_seg.png [64, 600] 34290
['C:\\Users\\user\\Documents\\GitHub\\kimyibae_AB\\python_client\\experiences_gathering\\startAt_20180527_0305_67\\level5_shot0_20180527_053458\\s_1_71_1300_PLAYING.png_seg.png'] [71, 1300] 22120
C:\Users\user\Documents\GitHub\kimyibae_AB\python_client\experiences_gathering\startAt_20180527_0305_9\level5_shot1_20180527_032910\s_2_23_1700_WON.png_seg.png [23, 1700] 54740
['C:\\Users\\user\\Documents\\GitHub\\kimyibae_AB\\python_client\\experiences_gathering\\startAt_20180527_0305_9\\level5_shot0_20180527_032827\\s_1_13_1100_PLAYING.png_seg.png'] [13, 1100] 500
C:\Users\user\Documents\GitHub\kimyibae_AB\python_client\experiences_gathering\startAt_20180527_1510_11\level7_shot1_20180527_153202\s_2_70_1100_WON.png_seg.png [70, 1100] 30950
['C:\\Users\\user\\Documents\\GitHub\\kimyibae_AB\\python_client\\experiences_gathering\\startAt_20180527_1510_11\\level7_shot0_20180527_153127\\s_1_61_500_PLAYING.png_seg.png'] [61, 500] 8090
C:\Users\user\Documents\GitHub\kimyibae_AB\python_client\experiences_gathering\startAt_20180527_1510_125\level9_shot1_20180527_183138\s_2_23_1400_WON.png_seg.png [23, 1400] 41730
['C:\\Users\\user\\Documents\\GitHub\\kimyibae_AB\\python_client\\experiences_gathering\\startAt_20180527_1510_125\\level9_shot0_20180527_183115\\s_1_13_1000_PLAYING.png_seg.png'] [13, 1000] 530
C:\Users\user\Documents\GitHub\kimyibae_AB\python_client\experiences_gathering\startAt_20180527_1510_13\level7_shot1_20180527_153517\s_2_70_1100_WON.png_seg.png [70, 1100] 25630
['C:\\Users\\user\\Documents\\GitHub\\kimyibae_AB\\python_client\\experiences_gathering\\startAt_20180527_1510_13\\level7_shot0_20180527_153446\\s_1_63_600_PLAYING.png_seg.png'] [63, 600] 11650
C:\Users\user\Documents\GitHub\kimyibae_AB\python_client\experiences_gathering\startAt_20180527_1510_131\level9_shot1_20180527_184218\s_2_23_1100_WON.png_seg.png [23, 1100] 34460
['C:\\Users\\user\\Documents\\GitHub\\kimyibae_AB\\python_client\\experiences_gathering\\startAt_20180527_1510_131\\level9_shot0_20180527_184145\\s_1_19_1100_PLAYING.png_seg.png'] [19, 1100] 8000
C:\Users\user\Documents\GitHub\kimyibae_AB\python_client\experiences_gathering\startAt_20180527_1510_139\level9_shot1_20180527_185453\s_2_31_1800_WON.png_seg.png [31, 1800] 28140
['C:\\Users\\user\\Documents\\GitHub\\kimyibae_AB\\python_client\\experiences_gathering\\startAt_20180527_1510_139\\level9_shot0_20180527_185410\\s_1_27_900_PLAYING.png_seg.png'] [27, 900] 13510
C:\Users\user\Documents\GitHub\kimyibae_AB\python_client\experiences_gathering\startAt_20180527_1510_140\level9_shot1_20180527_185558\s_2_34_1700_WON.png_seg.png [34, 1700] 28110
['C:\\Users\\user\\Documents\\GitHub\\kimyibae_AB\\python_client\\experiences_gathering\\startAt_20180527_1510_140\\level9_shot0_20180527_185524\\s_1_28_2400_PLAYING.png_seg.png'] [28, 2400] 14090
C:\Users\user\Documents\GitHub\kimyibae_AB\python_client\experiences_gathering\startAt_20180527_1510_56\level8_shot1_20180527_164855\s_2_35_800_WON.png_seg.png [35, 800] 47760
['C:\\Users\\user\\Documents\\GitHub\\kimyibae_AB\\python_client\\experiences_gathering\\startAt_20180527_1510_56\\level8_shot0_20180527_164832\\s_1_25_1300_PLAYING.png_seg.png'] [25, 1300] 0
C:\Users\user\Documents\GitHub\kimyibae_AB\python_client\experiences_gathering\startAt_20180527_1510_96\level8_shot1_20180527_174750\s_2_66_2400_WON.png_seg.png [66, 2400] 37010
['C:\\Users\\user\\Documents\\GitHub\\kimyibae_AB\\python_client\\experiences_gathering\\startAt_20180527_1510_96\\level8_shot0_20180527_174723\\s_1_65_600_PLAYING.png_seg.png'] [65, 600] 6820
C:\Users\user\Documents\GitHub\kimyibae_AB\python_client\experiences_gathering\startAt_20180527_2059_82\level10_shot1_20180527_235303\s_2_59_2100_WON.png_seg.png [59, 2100] 54080
['C:\\Users\\user\\Documents\\GitHub\\kimyibae_AB\\python_client\\experiences_gathering\\startAt_20180527_2059_82\\level10_shot0_20180527_235226\\s_1_50_1900_PLAYING.png_seg.png'] [50, 1900] 4390
C:\Users\user\Documents\GitHub\kimyibae_AB\python_client\experiences_gathering\startAt_20180527_2059_87\level10_shot1_20180528_000412\s_2_55_2300_WON.png_seg.png [55, 2300] 56660
['C:\\Users\\user\\Documents\\GitHub\\kimyibae_AB\\python_client\\experiences_gathering\\startAt_20180527_2059_87\\level10_shot0_20180528_000343\\s_1_55_1400_PLAYING.png_seg.png'] [55, 1400] 5800
C:\Users\user\Documents\GitHub\kimyibae_AB\python_client\experiences_gathering\startAt_20180527_2059_90\level10_shot1_20180528_000851\s_2_56_800_WON.png_seg.png [56, 800] 57250
['C:\\Users\\user\\Documents\\GitHub\\kimyibae_AB\\python_client\\experiences_gathering\\startAt_20180527_2059_90\\level10_shot0_20180528_000821\\s_1_58_1000_PLAYING.png_seg.png'] [58, 1000] 2940
C:\Users\user\Documents\GitHub\kimyibae_AB\python_client\experiences_gathering\startAt_20180528_0121_10\level11_shot1_20180528_013547\s_2_24_800_WON.png_seg.png [24, 800] 46350
['C:\\Users\\user\\Documents\\GitHub\\kimyibae_AB\\python_client\\experiences_gathering\\startAt_20180528_0121_10\\level11_shot0_20180528_013525\\s_1_14_1400_PLAYING.png_seg.png'] [14, 1400] 1150
C:\Users\user\Documents\GitHub\kimyibae_AB\python_client\experiences_gathering\startAt_20180528_0121_18\level11_shot1_20180528_014731\s_2_26_1200_WON.png_seg.png [26, 1200] 49010
['C:\\Users\\user\\Documents\\GitHub\\kimyibae_AB\\python_client\\experiences_gathering\\startAt_20180528_0121_18\\level11_shot0_20180528_014706\\s_1_22_1400_PLAYING.png_seg.png'] [22, 1400] 2650
C:\Users\user\Documents\GitHub\kimyibae_AB\python_client\experiences_gathering\startAt_20180528_0121_9\level11_shot1_20180528_013456\s_2_24_700_WON.png_seg.png [24, 700] 49000
['C:\\Users\\user\\Documents\\GitHub\\kimyibae_AB\\python_client\\experiences_gathering\\startAt_20180528_0121_9\\level11_shot0_20180528_013435\\s_1_13_500_PLAYING.png_seg.png'] [13, 500] 660
C:\Users\user\Documents\GitHub\kimyibae_AB\python_client\experiences_gathering\startAt_20180528_1429_13\level12_shot1_20180528_144929\s_2_22_1800_WON.png_seg.png [22, 1800] 31800
['C:\\Users\\user\\Documents\\GitHub\\kimyibae_AB\\python_client\\experiences_gathering\\startAt_20180528_1429_13\\level12_shot0_20180528_144902\\s_1_21_1000_PLAYING.png_seg.png'] [21, 1000] 14720
C:\Users\user\Documents\GitHub\kimyibae_AB\python_client\experiences_gathering\startAt_20180528_1429_18\level12_shot1_20180528_145719\s_2_38_1300_WON.png_seg.png [38, 1300] 30690
['C:\\Users\\user\\Documents\\GitHub\\kimyibae_AB\\python_client\\experiences_gathering\\startAt_20180528_1429_18\\level12_shot0_20180528_145651\\s_1_26_1300_PLAYING.png_seg.png'] [26, 1300] 21820
C:\Users\user\Documents\GitHub\kimyibae_AB\python_client\experiences_gathering\startAt_20180528_1429_50\level12_shot1_20180528_155034\s_2_67_2200_WON.png_seg.png [67, 2200] 30170
['C:\\Users\\user\\Documents\\GitHub\\kimyibae_AB\\python_client\\experiences_gathering\\startAt_20180528_1429_50\\level12_shot0_20180528_154951\\s_1_58_2500_PLAYING.png_seg.png'] [58, 2500] 20740
C:\Users\user\Documents\GitHub\kimyibae_AB\python_client\experiences_gathering\startAt_20180528_1429_53\level12_shot1_20180528_155504\s_2_65_1300_WON.png_seg.png [65, 1300] 30630
['C:\\Users\\user\\Documents\\GitHub\\kimyibae_AB\\python_client\\experiences_gathering\\startAt_20180528_1429_53\\level12_shot0_20180528_155433\\s_1_61_900_PLAYING.png_seg.png'] [61, 900] 22100
C:\Users\user\Documents\GitHub\kimyibae_AB\python_client\experiences_gathering\startAt_20180528_1429_62\level12_shot1_20180528_160909\s_2_67_800_WON.png_seg.png [67, 800] 32760
['C:\\Users\\user\\Documents\\GitHub\\kimyibae_AB\\python_client\\experiences_gathering\\startAt_20180528_1429_62\\level12_shot0_20180528_160840\\s_1_70_800_PLAYING.png_seg.png'] [70, 800] 15770
C:\Users\user\Documents\GitHub\kimyibae_AB\python_client\experiences_gathering\startAt_20180529_0109_10\level4_shot1_20180529_012938\s_2_16_700_WON.png_seg.png [16, 700] 27200
['C:\\Users\\user\\Documents\\GitHub\\kimyibae_AB\\python_client\\experiences_gathering\\startAt_20180529_0109_10\\level4_shot0_20180529_012859\\s_1_14_1600_PLAYING.png_seg.png'] [14, 1600] 1180
C:\Users\user\Documents\GitHub\kimyibae_AB\python_client\experiences_gathering\startAt_20180529_0109_102\level5_shot1_20180529_055411\s_2_40_900_WON.png_seg.png [40, 900] 44830
['C:\\Users\\user\\Documents\\GitHub\\kimyibae_AB\\python_client\\experiences_gathering\\startAt_20180529_0109_102\\level5_shot0_20180529_055305\\s_1_25_1800_PLAYING.png_seg.png'] [25, 1800] 16050
C:\Users\user\Documents\GitHub\kimyibae_AB\python_client\experiences_gathering\startAt_20180529_0109_11\level4_shot1_20180529_013054\s_2_18_500_WON.png_seg.png [18, 500] 26940
['C:\\Users\\user\\Documents\\GitHub\\kimyibae_AB\\python_client\\experiences_gathering\\startAt_20180529_0109_11\\level4_shot0_20180529_013019\\s_1_15_2400_PLAYING.png_seg.png'] [15, 2400] 1160
C:\Users\user\Documents\GitHub\kimyibae_AB\python_client\experiences_gathering\startAt_20180529_0109_12\level4_shot1_20180529_013212\s_2_18_1100_WON.png_seg.png [18, 1100] 26930
['C:\\Users\\user\\Documents\\GitHub\\kimyibae_AB\\python_client\\experiences_gathering\\startAt_20180529_0109_12\\level4_shot0_20180529_013136\\s_1_16_2400_PLAYING.png_seg.png'] [16, 2400] 1160
C:\Users\user\Documents\GitHub\kimyibae_AB\python_client\experiences_gathering\startAt_20180529_0109_16\level4_shot1_20180529_014059\s_2_21_600_WON.png_seg.png [21, 600] 27130
['C:\\Users\\user\\Documents\\GitHub\\kimyibae_AB\\python_client\\experiences_gathering\\startAt_20180529_0109_16\\level4_shot0_20180529_014017\\s_1_20_600_PLAYING.png_seg.png'] [20, 600] 1730
C:\Users\user\Documents\GitHub\kimyibae_AB\python_client\experiences_gathering\startAt_20180529_0109_18\level4_shot1_20180529_014504\s_2_22_1900_WON.png_seg.png [22, 1900] 28730
['C:\\Users\\user\\Documents\\GitHub\\kimyibae_AB\\python_client\\experiences_gathering\\startAt_20180529_0109_18\\level4_shot0_20180529_014416\\s_1_22_800_PLAYING.png_seg.png'] [22, 800] 1610
C:\Users\user\Documents\GitHub\kimyibae_AB\python_client\experiences_gathering\startAt_20180529_0109_88\level5_shot1_20180529_051028\s_2_23_800_WON.png_seg.png [23, 800] 52940
['C:\\Users\\user\\Documents\\GitHub\\kimyibae_AB\\python_client\\experiences_gathering\\startAt_20180529_0109_88\\level5_shot0_20180529_050943\\s_1_11_1600_PLAYING.png_seg.png'] [11, 1600] 510
C:\Users\user\Documents\GitHub\kimyibae_AB\python_client\experiences_gathering\startAt_20180529_0109_92\level5_shot1_20180529_052352\s_2_20_2200_WON.png_seg.png [20, 2200] 53220
['C:\\Users\\user\\Documents\\GitHub\\kimyibae_AB\\python_client\\experiences_gathering\\startAt_20180529_0109_92\\level5_shot0_20180529_052245\\s_1_15_1900_PLAYING.png_seg.png'] [15, 1900] 500
C:\Users\user\Documents\GitHub\kimyibae_AB\python_client\experiences_gathering\startAt_20180529_0109_94\level5_shot1_20180529_053031\s_2_29_1800_WON.png_seg.png [29, 1800] 54350
['C:\\Users\\user\\Documents\\GitHub\\kimyibae_AB\\python_client\\experiences_gathering\\startAt_20180529_0109_94\\level5_shot0_20180529_052914\\s_1_17_500_PLAYING.png_seg.png'] [17, 500] 650
C:\Users\user\Documents\GitHub\kimyibae_AB\python_client\experiences_gathering\startAt_20180529_0109_95\level5_shot1_20180529_053257\s_2_33_1900_WON.png_seg.png [33, 1900] 54000
['C:\\Users\\user\\Documents\\GitHub\\kimyibae_AB\\python_client\\experiences_gathering\\startAt_20180529_0109_95\\level5_shot0_20180529_053137\\s_1_18_800_PLAYING.png_seg.png'] [18, 800] 610
C:\Users\user\Documents\GitHub\kimyibae_AB\python_client\experiences_gathering\startAt_20180529_0109_99\level5_shot1_20180529_054644\s_2_29_2100_WON.png_seg.png [29, 2100] 36110
['C:\\Users\\user\\Documents\\GitHub\\kimyibae_AB\\python_client\\experiences_gathering\\startAt_20180529_0109_99\\level5_shot0_20180529_054531\\s_1_22_900_PLAYING.png_seg.png'] [22, 900] 22400
C:\Users\user\Documents\GitHub\kimyibae_AB\python_client\experiences_gathering\startAt_20180529_0913_42\level14_shot1_20180529_121021\s_2_75_1300_WON.png_seg.png [75, 1300] 45320
['C:\\Users\\user\\Documents\\GitHub\\kimyibae_AB\\python_client\\experiences_gathering\\startAt_20180529_0913_42\\level14_shot0_20180529_120812\\s_1_70_1600_PLAYING.png_seg.png'] [70, 1600] 20320
C:\Users\user\Documents\GitHub\kimyibae_AB\python_client\experiences_gathering\startAt_20180529_0913_47\level14_shot1_20180529_124339\s_2_72_1000_WON.png_seg.png [72, 1000] 35120
['C:\\Users\\user\\Documents\\GitHub\\kimyibae_AB\\python_client\\experiences_gathering\\startAt_20180529_0913_47\\level14_shot0_20180529_124203\\s_1_75_500_PLAYING.png_seg.png'] [75, 500] 30520
dict_keys([6, 8, 9, 10, 11, 12, 13, 14, 15, 16, 17, 18, 19, 20, 21, 22, 23, 24, 25, 26, 27, 28, 29, 30, 31, 32, 33, 34, 35, 36, 37, 38, 39, 40, 42, 44, 45, 46, 47, 48, 50, 51, 53, 55, 56, 57, 58, 59, 61, 62, 63, 64, 65, 66, 67, 68, 69, 70, 71, 72, 75, 76, 77, 78, 80, 83])
dict_keys([6, 8, 9, 10, 11, 12, 13, 14, 15, 16, 17, 18, 19, 20, 21, 22, 23, 24, 25, 26, 27, 28, 29, 30, 31, 32, 33, 34, 35, 36, 37, 38, 39, 40, 42, 44, 45, 46, 47, 48, 50, 51, 53, 55, 56, 57, 58, 59, 61, 62, 63, 64, 65, 66, 67, 68, 69, 70, 71, 72, 75, 76, 77, 78, 80, 83])
C:\Users\user\Documents\GitHub\kimyibae_AB\python_client\experiences_gathering\startAt_20180526_1713_102\level2_shot1_20180526_191145 level2 angle 34 tap 2300 reward 45430
C:\Users\user\Documents\GitHub\kimyibae_AB\python_client\experiences_gathering\startAt_20180526_1713_102\level2_shot0_20180526_191117 level2 angle 25 tap 2300 reward 6120
C:\Users\user\Documents\GitHub\kimyibae_AB\python_client\experiences_gathering\startAt_20180526_1713_104\level2_shot1_20180526_191428 level2 angle 32 tap 600 reward 45440
C:\Users\user\Documents\GitHub\kimyibae_AB\python_client\experiences_gathering\startAt_20180526_1713_104\level2_shot0_20180526_191358 level2 angle 27 tap 1600 reward 6650
C:\Users\user\Documents\GitHub\kimyibae_AB\python_client\experiences_gathering\startAt_20180526_1713_134\level2_shot1_20180526_200026 level2 angle 15 tap 1600 reward 41090
C:\Users\user\Documents\GitHub\kimyibae_AB\python_client\experiences_gathering\startAt_20180526_1713_134\level2_shot0_20180526_195953 level2 angle 57 tap 1200 reward 10680
C:\Users\user\Documents\GitHub\kimyibae_AB\python_client\experiences_gathering\startAt_20180526_1713_145\level2_shot1_20180526_201727 level2 angle 9 tap 700 reward 46120
C:\Users\user\Documents\GitHub\kimyibae_AB\python_client\experiences_gathering\startAt_20180526_1713_145\level2_shot0_20180526_201655 level2 angle 68 tap 500 reward 5310
C:\Users\user\Documents\GitHub\kimyibae_AB\python_client\experiences_gathering\startAt_20180526_1713_149\level2_shot1_20180526_202532 level2 angle 27 tap 2500 reward 36670
C:\Users\user\Documents\GitHub\kimyibae_AB\python_client\experiences_gathering\startAt_20180526_1713_149\level2_shot0_20180526_202450 level2 angle 72 tap 2300 reward 15700
C:\Users\user\Documents\GitHub\kimyibae_AB\python_client\experiences_gathering\startAt_20180526_1713_152\level2_shot1_20180526_203046 level2 angle 47 tap 700 reward 45310
C:\Users\user\Documents\GitHub\kimyibae_AB\python_client\experiences_gathering\startAt_20180526_1713_152\level2_shot0_20180526_203013 level2 angle 75 tap 1400 reward 6080
C:\Users\user\Documents\GitHub\kimyibae_AB\python_client\experiences_gathering\startAt_20180526_1713_167\level3_shot1_20180526_210115 level3 angle 19 tap 1800 reward 32700
C:\Users\user\Documents\GitHub\kimyibae_AB\python_client\experiences_gathering\startAt_20180526_1713_167\level3_shot0_20180526_210047 level3 angle 9 tap 2000 reward 0
C:\Users\user\Documents\GitHub\kimyibae_AB\python_client\experiences_gathering\startAt_20180526_1713_168\level3_shot1_20180526_210214 level3 angle 71 tap 700 reward 30710
C:\Users\user\Documents\GitHub\kimyibae_AB\python_client\experiences_gathering\startAt_20180526_1713_168\level3_shot0_20180526_210149 level3 angle 10 tap 1400 reward 0
C:\Users\user\Documents\GitHub\kimyibae_AB\python_client\experiences_gathering\startAt_20180526_1713_171\level3_shot1_20180526_210642 level3 angle 65 tap 1900 reward 30680
C:\Users\user\Documents\GitHub\kimyibae_AB\python_client\experiences_gathering\startAt_20180526_1713_171\level3_shot0_20180526_210616 level3 angle 13 tap 500 reward 0
C:\Users\user\Documents\GitHub\kimyibae_AB\python_client\experiences_gathering\startAt_20180526_1713_189\level3_shot1_20180526_212904 level3 angle 19 tap 1500 reward 31710
C:\Users\user\Documents\GitHub\kimyibae_AB\python_client\experiences_gathering\startAt_20180526_1713_189\level3_shot0_20180526_212832 level3 angle 31 tap 1800 reward 3430
C:\Users\user\Documents\GitHub\kimyibae_AB\python_client\experiences_gathering\startAt_20180526_1713_197\level3_shot1_20180526_214500 level3 angle 72 tap 900 reward 31180
C:\Users\user\Documents\GitHub\kimyibae_AB\python_client\experiences_gathering\startAt_20180526_1713_197\level3_shot0_20180526_214429 level3 angle 39 tap 1100 reward 1250
C:\Users\user\Documents\GitHub\kimyibae_AB\python_client\experiences_gathering\startAt_20180526_1713_202\level3_shot1_20180526_215323 level3 angle 20 tap 1900 reward 32700
C:\Users\user\Documents\GitHub\kimyibae_AB\python_client\experiences_gathering\startAt_20180526_1713_202\level3_shot0_20180526_215255 level3 angle 44 tap 600 reward 0
C:\Users\user\Documents\GitHub\kimyibae_AB\python_client\experiences_gathering\startAt_20180526_1713_203\level3_shot1_20180526_215428 level3 angle 6 tap 1800 reward 30080
C:\Users\user\Documents\GitHub\kimyibae_AB\python_client\experiences_gathering\startAt_20180526_1713_203\level3_shot0_20180526_215359 level3 angle 45 tap 2200 reward 0
C:\Users\user\Documents\GitHub\kimyibae_AB\python_client\experiences_gathering\startAt_20180526_1713_205\level3_shot1_20180526_215733 level3 angle 25 tap 2000 reward 31060
C:\Users\user\Documents\GitHub\kimyibae_AB\python_client\experiences_gathering\startAt_20180526_1713_205\level3_shot0_20180526_215705 level3 angle 47 tap 500 reward 0
C:\Users\user\Documents\GitHub\kimyibae_AB\python_client\experiences_gathering\startAt_20180526_1713_206\level3_shot1_20180526_215844 level3 angle 67 tap 1500 reward 30610
C:\Users\user\Documents\GitHub\kimyibae_AB\python_client\experiences_gathering\startAt_20180526_1713_206\level3_shot0_20180526_215814 level3 angle 48 tap 1500 reward 0
C:\Users\user\Documents\GitHub\kimyibae_AB\python_client\experiences_gathering\startAt_20180526_1713_209\level3_shot1_20180526_220332 level3 angle 9 tap 1800 reward 30410
C:\Users\user\Documents\GitHub\kimyibae_AB\python_client\experiences_gathering\startAt_20180526_1713_209\level3_shot0_20180526_220304 level3 angle 51 tap 700 reward 0
C:\Users\user\Documents\GitHub\kimyibae_AB\python_client\experiences_gathering\startAt_20180526_1713_211\level3_shot1_20180526_220703 level3 angle 9 tap 1700 reward 30410
C:\Users\user\Documents\GitHub\kimyibae_AB\python_client\experiences_gathering\startAt_20180526_1713_211\level3_shot0_20180526_220633 level3 angle 53 tap 1400 reward 0
C:\Users\user\Documents\GitHub\kimyibae_AB\python_client\experiences_gathering\startAt_20180526_1713_234\level3_shot1_20180526_224057 level3 angle 63 tap 2400 reward 30780
C:\Users\user\Documents\GitHub\kimyibae_AB\python_client\experiences_gathering\startAt_20180526_1713_234\level3_shot0_20180526_224028 level3 angle 76 tap 1700 reward 0
C:\Users\user\Documents\GitHub\kimyibae_AB\python_client\experiences_gathering\startAt_20180526_1713_238\level3_shot1_20180526_224647 level3 angle 26 tap 1300 reward 31420
C:\Users\user\Documents\GitHub\kimyibae_AB\python_client\experiences_gathering\startAt_20180526_1713_238\level3_shot0_20180526_224618 level3 angle 80 tap 2000 reward 0
C:\Users\user\Documents\GitHub\kimyibae_AB\python_client\experiences_gathering\startAt_20180526_1713_241\level3_shot1_20180526_225156 level3 angle 6 tap 1300 reward 30080
C:\Users\user\Documents\GitHub\kimyibae_AB\python_client\experiences_gathering\startAt_20180526_1713_241\level3_shot0_20180526_225128 level3 angle 83 tap 500 reward 0
C:\Users\user\Documents\GitHub\kimyibae_AB\python_client\experiences_gathering\startAt_20180526_1713_260\level4_shot1_20180526_233025 level4 angle 12 tap 1400 reward 25830
C:\Users\user\Documents\GitHub\kimyibae_AB\python_client\experiences_gathering\startAt_20180526_1713_260\level4_shot0_20180526_232951 level4 angle 21 tap 1400 reward 2380
C:\Users\user\Documents\GitHub\kimyibae_AB\python_client\experiences_gathering\startAt_20180526_1713_265\level4_shot1_20180526_233959 level4 angle 20 tap 1200 reward 26360
C:\Users\user\Documents\GitHub\kimyibae_AB\python_client\experiences_gathering\startAt_20180526_1713_265\level4_shot0_20180526_233924 level4 angle 26 tap 1000 reward 2020
C:\Users\user\Documents\GitHub\kimyibae_AB\python_client\experiences_gathering\startAt_20180526_1713_33\level1_shot1_20180526_173758 level1 angle 10 tap 2000 reward 19980
C:\Users\user\Documents\GitHub\kimyibae_AB\python_client\experiences_gathering\startAt_20180526_1713_33\level1_shot0_20180526_173733 level1 angle 37 tap 700 reward 0
C:\Users\user\Documents\GitHub\kimyibae_AB\python_client\experiences_gathering\startAt_20180526_1713_34\level1_shot1_20180526_173852 level1 angle 25 tap 2200 reward 19920
C:\Users\user\Documents\GitHub\kimyibae_AB\python_client\experiences_gathering\startAt_20180526_1713_34\level1_shot0_20180526_173826 level1 angle 38 tap 1400 reward 0
C:\Users\user\Documents\GitHub\kimyibae_AB\python_client\experiences_gathering\startAt_20180526_1713_36\level1_shot1_20180526_174111 level1 angle 30 tap 2500 reward 18600
C:\Users\user\Documents\GitHub\kimyibae_AB\python_client\experiences_gathering\startAt_20180526_1713_36\level1_shot0_20180526_174046 level1 angle 40 tap 800 reward 0
C:\Users\user\Documents\GitHub\kimyibae_AB\python_client\experiences_gathering\startAt_20180526_1713_42\level1_shot1_20180526_174830 level1 angle 20 tap 2100 reward 20940
C:\Users\user\Documents\GitHub\kimyibae_AB\python_client\experiences_gathering\startAt_20180526_1713_42\level1_shot0_20180526_174805 level1 angle 46 tap 1800 reward 0
C:\Users\user\Documents\GitHub\kimyibae_AB\python_client\experiences_gathering\startAt_20180526_1713_57\level1_shot1_20180526_180744 level1 angle 16 tap 900 reward 20830
C:\Users\user\Documents\GitHub\kimyibae_AB\python_client\experiences_gathering\startAt_20180526_1713_57\level1_shot0_20180526_180719 level1 angle 61 tap 1400 reward 0
C:\Users\user\Documents\GitHub\kimyibae_AB\python_client\experiences_gathering\startAt_20180526_1713_58\level1_shot1_20180526_180834 level1 angle 27 tap 2100 reward 18040
C:\Users\user\Documents\GitHub\kimyibae_AB\python_client\experiences_gathering\startAt_20180526_1713_58\level1_shot0_20180526_180810 level1 angle 62 tap 600 reward 0
C:\Users\user\Documents\GitHub\kimyibae_AB\python_client\experiences_gathering\startAt_20180526_1713_60\level1_shot1_20180526_181045 level1 angle 32 tap 2100 reward 19760
C:\Users\user\Documents\GitHub\kimyibae_AB\python_client\experiences_gathering\startAt_20180526_1713_60\level1_shot0_20180526_181019 level1 angle 64 tap 2200 reward 0
C:\Users\user\Documents\GitHub\kimyibae_AB\python_client\experiences_gathering\startAt_20180526_1713_62\level1_shot1_20180526_181311 level1 angle 11 tap 2100 reward 19270
C:\Users\user\Documents\GitHub\kimyibae_AB\python_client\experiences_gathering\startAt_20180526_1713_62\level1_shot0_20180526_181247 level1 angle 66 tap 600 reward 0
C:\Users\user\Documents\GitHub\kimyibae_AB\python_client\experiences_gathering\startAt_20180526_1713_64\level1_shot1_20180526_181523 level1 angle 33 tap 600 reward 19610
C:\Users\user\Documents\GitHub\kimyibae_AB\python_client\experiences_gathering\startAt_20180526_1713_64\level1_shot0_20180526_181500 level1 angle 68 tap 700 reward 0
C:\Users\user\Documents\GitHub\kimyibae_AB\python_client\experiences_gathering\startAt_20180526_1713_65\level1_shot1_20180526_181619 level1 angle 16 tap 2000 reward 20830
C:\Users\user\Documents\GitHub\kimyibae_AB\python_client\experiences_gathering\startAt_20180526_1713_65\level1_shot0_20180526_181554 level1 angle 69 tap 1600 reward 0
C:\Users\user\Documents\GitHub\kimyibae_AB\python_client\experiences_gathering\startAt_20180526_1713_67\level1_shot1_20180526_181833 level1 angle 18 tap 1700 reward 21910
C:\Users\user\Documents\GitHub\kimyibae_AB\python_client\experiences_gathering\startAt_20180526_1713_67\level1_shot0_20180526_181807 level1 angle 71 tap 1700 reward 0
C:\Users\user\Documents\GitHub\kimyibae_AB\python_client\experiences_gathering\startAt_20180526_1713_73\level1_shot1_20180526_182455 level1 angle 34 tap 1700 reward 18950
C:\Users\user\Documents\GitHub\kimyibae_AB\python_client\experiences_gathering\startAt_20180526_1713_73\level1_shot0_20180526_182425 level1 angle 77 tap 700 reward 900
C:\Users\user\Documents\GitHub\kimyibae_AB\python_client\experiences_gathering\startAt_20180526_1713_74\level1_shot1_20180526_182603 level1 angle 26 tap 2400 reward 18010
C:\Users\user\Documents\GitHub\kimyibae_AB\python_client\experiences_gathering\startAt_20180526_1713_74\level1_shot0_20180526_182530 level1 angle 78 tap 600 reward 60
C:\Users\user\Documents\GitHub\kimyibae_AB\python_client\experiences_gathering\startAt_20180526_1713_76\level1_shot1_20180526_182824 level1 angle 24 tap 1800 reward 20460
C:\Users\user\Documents\GitHub\kimyibae_AB\python_client\experiences_gathering\startAt_20180526_1713_76\level1_shot0_20180526_182759 level1 angle 80 tap 2300 reward 0
C:\Users\user\Documents\GitHub\kimyibae_AB\python_client\experiences_gathering\startAt_20180526_1713_85\level2_shot1_20180526_184242 level2 angle 53 tap 900 reward 40480
C:\Users\user\Documents\GitHub\kimyibae_AB\python_client\experiences_gathering\startAt_20180526_1713_85\level2_shot0_20180526_184214 level2 angle 8 tap 1500 reward 10800
C:\Users\user\Documents\GitHub\kimyibae_AB\python_client\experiences_gathering\startAt_20180526_1713_86\level2_shot1_20180526_184348 level2 angle 28 tap 1400 reward 36040
C:\Users\user\Documents\GitHub\kimyibae_AB\python_client\experiences_gathering\startAt_20180526_1713_86\level2_shot0_20180526_184315 level2 angle 9 tap 1100 reward 16120
C:\Users\user\Documents\GitHub\kimyibae_AB\python_client\experiences_gathering\startAt_20180526_1713_87\level2_shot1_20180526_184447 level2 angle 53 tap 2500 reward 45500
C:\Users\user\Documents\GitHub\kimyibae_AB\python_client\experiences_gathering\startAt_20180526_1713_87\level2_shot0_20180526_184418 level2 angle 10 tap 1800 reward 6050
C:\Users\user\Documents\GitHub\kimyibae_AB\python_client\experiences_gathering\startAt_20180526_1713_90\level2_shot1_20180526_184924 level2 angle 51 tap 2400 reward 40570
C:\Users\user\Documents\GitHub\kimyibae_AB\python_client\experiences_gathering\startAt_20180526_1713_90\level2_shot0_20180526_184852 level2 angle 13 tap 1300 reward 11100
C:\Users\user\Documents\GitHub\kimyibae_AB\python_client\experiences_gathering\startAt_20180526_1713_94\level2_shot1_20180526_185624 level2 angle 45 tap 700 reward 35700
C:\Users\user\Documents\GitHub\kimyibae_AB\python_client\experiences_gathering\startAt_20180526_1713_94\level2_shot0_20180526_185554 level2 angle 17 tap 1700 reward 16140
C:\Users\user\Documents\GitHub\kimyibae_AB\python_client\experiences_gathering\startAt_20180526_1713_98\level2_shot1_20180526_190406 level2 angle 38 tap 1300 reward 40260
C:\Users\user\Documents\GitHub\kimyibae_AB\python_client\experiences_gathering\startAt_20180526_1713_98\level2_shot0_20180526_190336 level2 angle 21 tap 1900 reward 12090
C:\Users\user\Documents\GitHub\kimyibae_AB\python_client\experiences_gathering\startAt_20180527_0231_10\level5_shot1_20180527_024821 level5 angle 19 tap 1700 reward 54050
C:\Users\user\Documents\GitHub\kimyibae_AB\python_client\experiences_gathering\startAt_20180527_0231_10\level5_shot0_20180527_024800 level5 angle 14 tap 2000 reward 490
C:\Users\user\Documents\GitHub\kimyibae_AB\python_client\experiences_gathering\startAt_20180527_0231_13\level5_shot1_20180527_025216 level5 angle 26 tap 2100 reward 53130
C:\Users\user\Documents\GitHub\kimyibae_AB\python_client\experiences_gathering\startAt_20180527_0231_13\level5_shot0_20180527_025153 level5 angle 17 tap 2500 reward 610
C:\Users\user\Documents\GitHub\kimyibae_AB\python_client\experiences_gathering\startAt_20180527_0231_166\level7_shot1_20180527_063840 level7 angle 25 tap 1300 reward 35870
C:\Users\user\Documents\GitHub\kimyibae_AB\python_client\experiences_gathering\startAt_20180527_0231_166\level7_shot0_20180527_063817 level7 angle 8 tap 2300 reward 0
C:\Users\user\Documents\GitHub\kimyibae_AB\python_client\experiences_gathering\startAt_20180527_0231_17\level5_shot1_20180527_025819 level5 angle 25 tap 2200 reward 36700
C:\Users\user\Documents\GitHub\kimyibae_AB\python_client\experiences_gathering\startAt_20180527_0231_17\level5_shot0_20180527_025750 level5 angle 21 tap 2400 reward 22400
C:\Users\user\Documents\GitHub\kimyibae_AB\python_client\experiences_gathering\startAt_20180527_0231_184\level7_shot1_20180527_070443 level7 angle 28 tap 1200 reward 35850
C:\Users\user\Documents\GitHub\kimyibae_AB\python_client\experiences_gathering\startAt_20180527_0231_184\level7_shot0_20180527_070415 level7 angle 26 tap 1100 reward 6960
C:\Users\user\Documents\GitHub\kimyibae_AB\python_client\experiences_gathering\startAt_20180527_0231_21\level5_shot1_20180527_030238 level5 angle 36 tap 1900 reward 50700
C:\Users\user\Documents\GitHub\kimyibae_AB\python_client\experiences_gathering\startAt_20180527_0231_21\level5_shot0_20180527_030215 level5 angle 25 tap 1100 reward 5850
C:\Users\user\Documents\GitHub\kimyibae_AB\python_client\experiences_gathering\startAt_20180527_0231_29\level5_shot1_20180527_031045 level5 angle 32 tap 1600 reward 37550
C:\Users\user\Documents\GitHub\kimyibae_AB\python_client\experiences_gathering\startAt_20180527_0231_29\level5_shot0_20180527_031018 level5 angle 33 tap 1300 reward 16880
C:\Users\user\Documents\GitHub\kimyibae_AB\python_client\experiences_gathering\startAt_20180527_0231_33\level5_shot1_20180527_031536 level5 angle 56 tap 1800 reward 38600
C:\Users\user\Documents\GitHub\kimyibae_AB\python_client\experiences_gathering\startAt_20180527_0231_33\level5_shot0_20180527_031509 level5 angle 37 tap 1500 reward 18190
C:\Users\user\Documents\GitHub\kimyibae_AB\python_client\experiences_gathering\startAt_20180527_0231_38\level5_shot1_20180527_031941 level5 angle 40 tap 2300 reward 55060
C:\Users\user\Documents\GitHub\kimyibae_AB\python_client\experiences_gathering\startAt_20180527_0231_38\level5_shot0_20180527_031917 level5 angle 42 tap 1000 reward 2030
C:\Users\user\Documents\GitHub\kimyibae_AB\python_client\experiences_gathering\startAt_20180527_0231_54\level5_shot1_20180527_034454 level5 angle 68 tap 1500 reward 54450
C:\Users\user\Documents\GitHub\kimyibae_AB\python_client\experiences_gathering\startAt_20180527_0231_54\level5_shot0_20180527_034429 level5 angle 58 tap 1500 reward 760
C:\Users\user\Documents\GitHub\kimyibae_AB\python_client\experiences_gathering\startAt_20180527_0231_62\level5_shot1_20180527_035712 level5 angle 65 tap 2100 reward 55030
C:\Users\user\Documents\GitHub\kimyibae_AB\python_client\experiences_gathering\startAt_20180527_0231_62\level5_shot0_20180527_035645 level5 angle 66 tap 1500 reward 7560
C:\Users\user\Documents\GitHub\kimyibae_AB\python_client\experiences_gathering\startAt_20180527_0231_63\level5_shot1_20180527_035812 level5 angle 68 tap 500 reward 60570
C:\Users\user\Documents\GitHub\kimyibae_AB\python_client\experiences_gathering\startAt_20180527_0231_63\level5_shot0_20180527_035743 level5 angle 67 tap 2000 reward 1140
C:\Users\user\Documents\GitHub\kimyibae_AB\python_client\experiences_gathering\startAt_20180527_0231_98\level6_shot1_20180527_044912 level6 angle 26 tap 1900 reward 26680
C:\Users\user\Documents\GitHub\kimyibae_AB\python_client\experiences_gathering\startAt_20180527_0231_98\level6_shot0_20180527_044848 level6 angle 21 tap 800 reward 7670
C:\Users\user\Documents\GitHub\kimyibae_AB\python_client\experiences_gathering\startAt_20180527_0305_13\level5_shot1_20180527_034002 level5 angle 23 tap 1000 reward 50270
C:\Users\user\Documents\GitHub\kimyibae_AB\python_client\experiences_gathering\startAt_20180527_0305_13\level5_shot0_20180527_033928 level5 angle 17 tap 1900 reward 630
C:\Users\user\Documents\GitHub\kimyibae_AB\python_client\experiences_gathering\startAt_20180527_0305_21\level5_shot1_20180527_035855 level5 angle 33 tap 2000 reward 51460
C:\Users\user\Documents\GitHub\kimyibae_AB\python_client\experiences_gathering\startAt_20180527_0305_21\level5_shot0_20180527_035830 level5 angle 25 tap 1300 reward 5880
C:\Users\user\Documents\GitHub\kimyibae_AB\python_client\experiences_gathering\startAt_20180527_0305_22\level5_shot1_20180527_040019 level5 angle 21 tap 2300 reward 50860
C:\Users\user\Documents\GitHub\kimyibae_AB\python_client\experiences_gathering\startAt_20180527_0305_22\level5_shot0_20180527_035938 level5 angle 26 tap 2100 reward 5880
C:\Users\user\Documents\GitHub\kimyibae_AB\python_client\experiences_gathering\startAt_20180527_0305_25\level5_shot1_20180527_040726 level5 angle 28 tap 1000 reward 51610
C:\Users\user\Documents\GitHub\kimyibae_AB\python_client\experiences_gathering\startAt_20180527_0305_25\level5_shot0_20180527_040627 level5 angle 29 tap 1800 reward 6080
C:\Users\user\Documents\GitHub\kimyibae_AB\python_client\experiences_gathering\startAt_20180527_0305_29\level5_shot1_20180527_041324 level5 angle 36 tap 1400 reward 41160
C:\Users\user\Documents\GitHub\kimyibae_AB\python_client\experiences_gathering\startAt_20180527_0305_29\level5_shot0_20180527_041254 level5 angle 33 tap 1100 reward 16390
C:\Users\user\Documents\GitHub\kimyibae_AB\python_client\experiences_gathering\startAt_20180527_0305_31\level5_shot1_20180527_041759 level5 angle 39 tap 2500 reward 43190
C:\Users\user\Documents\GitHub\kimyibae_AB\python_client\experiences_gathering\startAt_20180527_0305_31\level5_shot0_20180527_041728 level5 angle 35 tap 1000 reward 16760
C:\Users\user\Documents\GitHub\kimyibae_AB\python_client\experiences_gathering\startAt_20180527_0305_53\level5_shot1_20180527_051013 level5 angle 64 tap 1000 reward 57260
C:\Users\user\Documents\GitHub\kimyibae_AB\python_client\experiences_gathering\startAt_20180527_0305_53\level5_shot0_20180527_050934 level5 angle 57 tap 1000 reward 270
C:\Users\user\Documents\GitHub\kimyibae_AB\python_client\experiences_gathering\startAt_20180527_0305_57\level5_shot1_20180527_052047 level5 angle 68 tap 1000 reward 55020
C:\Users\user\Documents\GitHub\kimyibae_AB\python_client\experiences_gathering\startAt_20180527_0305_57\level5_shot0_20180527_051938 level5 angle 61 tap 2200 reward 2080
C:\Users\user\Documents\GitHub\kimyibae_AB\python_client\experiences_gathering\startAt_20180527_0305_60\level5_shot1_20180527_052724 level5 angle 64 tap 1900 reward 33470
C:\Users\user\Documents\GitHub\kimyibae_AB\python_client\experiences_gathering\startAt_20180527_0305_60\level5_shot0_20180527_052603 level5 angle 64 tap 1600 reward 26880
C:\Users\user\Documents\GitHub\kimyibae_AB\python_client\experiences_gathering\startAt_20180527_0305_61\level5_shot1_20180527_052857 level5 angle 66 tap 2300 reward 33900
C:\Users\user\Documents\GitHub\kimyibae_AB\python_client\experiences_gathering\startAt_20180527_0305_61\level5_shot0_20180527_052803 level5 angle 65 tap 800 reward 26880
C:\Users\user\Documents\GitHub\kimyibae_AB\python_client\experiences_gathering\startAt_20180527_0305_62\level5_shot1_20180527_053015 level5 angle 68 tap 2300 reward 56260
C:\Users\user\Documents\GitHub\kimyibae_AB\python_client\experiences_gathering\startAt_20180527_0305_62\level5_shot0_20180527_052937 level5 angle 66 tap 1200 reward 2780
C:\Users\user\Documents\GitHub\kimyibae_AB\python_client\experiences_gathering\startAt_20180527_0305_67\level5_shot1_20180527_053543 level5 angle 64 tap 600 reward 34290
C:\Users\user\Documents\GitHub\kimyibae_AB\python_client\experiences_gathering\startAt_20180527_0305_67\level5_shot0_20180527_053458 level5 angle 71 tap 1300 reward 22120
C:\Users\user\Documents\GitHub\kimyibae_AB\python_client\experiences_gathering\startAt_20180527_0305_9\level5_shot1_20180527_032910 level5 angle 23 tap 1700 reward 54740
C:\Users\user\Documents\GitHub\kimyibae_AB\python_client\experiences_gathering\startAt_20180527_0305_9\level5_shot0_20180527_032827 level5 angle 13 tap 1100 reward 500
C:\Users\user\Documents\GitHub\kimyibae_AB\python_client\experiences_gathering\startAt_20180527_1510_11\level7_shot1_20180527_153202 level7 angle 70 tap 1100 reward 30950
C:\Users\user\Documents\GitHub\kimyibae_AB\python_client\experiences_gathering\startAt_20180527_1510_11\level7_shot0_20180527_153127 level7 angle 61 tap 500 reward 8090
C:\Users\user\Documents\GitHub\kimyibae_AB\python_client\experiences_gathering\startAt_20180527_1510_125\level9_shot1_20180527_183138 level9 angle 23 tap 1400 reward 41730
C:\Users\user\Documents\GitHub\kimyibae_AB\python_client\experiences_gathering\startAt_20180527_1510_125\level9_shot0_20180527_183115 level9 angle 13 tap 1000 reward 530
C:\Users\user\Documents\GitHub\kimyibae_AB\python_client\experiences_gathering\startAt_20180527_1510_13\level7_shot1_20180527_153517 level7 angle 70 tap 1100 reward 25630
C:\Users\user\Documents\GitHub\kimyibae_AB\python_client\experiences_gathering\startAt_20180527_1510_13\level7_shot0_20180527_153446 level7 angle 63 tap 600 reward 11650
C:\Users\user\Documents\GitHub\kimyibae_AB\python_client\experiences_gathering\startAt_20180527_1510_131\level9_shot1_20180527_184218 level9 angle 23 tap 1100 reward 34460
C:\Users\user\Documents\GitHub\kimyibae_AB\python_client\experiences_gathering\startAt_20180527_1510_131\level9_shot0_20180527_184145 level9 angle 19 tap 1100 reward 8000
C:\Users\user\Documents\GitHub\kimyibae_AB\python_client\experiences_gathering\startAt_20180527_1510_139\level9_shot1_20180527_185453 level9 angle 31 tap 1800 reward 28140
C:\Users\user\Documents\GitHub\kimyibae_AB\python_client\experiences_gathering\startAt_20180527_1510_139\level9_shot0_20180527_185410 level9 angle 27 tap 900 reward 13510
C:\Users\user\Documents\GitHub\kimyibae_AB\python_client\experiences_gathering\startAt_20180527_1510_140\level9_shot1_20180527_185558 level9 angle 34 tap 1700 reward 28110
C:\Users\user\Documents\GitHub\kimyibae_AB\python_client\experiences_gathering\startAt_20180527_1510_140\level9_shot0_20180527_185524 level9 angle 28 tap 2400 reward 14090
C:\Users\user\Documents\GitHub\kimyibae_AB\python_client\experiences_gathering\startAt_20180527_1510_56\level8_shot1_20180527_164855 level8 angle 35 tap 800 reward 47760
C:\Users\user\Documents\GitHub\kimyibae_AB\python_client\experiences_gathering\startAt_20180527_1510_56\level8_shot0_20180527_164832 level8 angle 25 tap 1300 reward 0
C:\Users\user\Documents\GitHub\kimyibae_AB\python_client\experiences_gathering\startAt_20180527_1510_96\level8_shot1_20180527_174750 level8 angle 66 tap 2400 reward 37010
C:\Users\user\Documents\GitHub\kimyibae_AB\python_client\experiences_gathering\startAt_20180527_1510_96\level8_shot0_20180527_174723 level8 angle 65 tap 600 reward 6820
C:\Users\user\Documents\GitHub\kimyibae_AB\python_client\experiences_gathering\startAt_20180527_2059_82\level10_shot1_20180527_235303 level1 angle 59 tap 2100 reward 54080
C:\Users\user\Documents\GitHub\kimyibae_AB\python_client\experiences_gathering\startAt_20180527_2059_82\level10_shot1_20180527_235303 level10 angle 59 tap 2100 reward 54080
C:\Users\user\Documents\GitHub\kimyibae_AB\python_client\experiences_gathering\startAt_20180527_2059_82\level10_shot0_20180527_235226 level1 angle 50 tap 1900 reward 4390
C:\Users\user\Documents\GitHub\kimyibae_AB\python_client\experiences_gathering\startAt_20180527_2059_82\level10_shot0_20180527_235226 level10 angle 50 tap 1900 reward 4390
C:\Users\user\Documents\GitHub\kimyibae_AB\python_client\experiences_gathering\startAt_20180527_2059_87\level10_shot1_20180528_000412 level1 angle 55 tap 2300 reward 56660
C:\Users\user\Documents\GitHub\kimyibae_AB\python_client\experiences_gathering\startAt_20180527_2059_87\level10_shot1_20180528_000412 level10 angle 55 tap 2300 reward 56660
C:\Users\user\Documents\GitHub\kimyibae_AB\python_client\experiences_gathering\startAt_20180527_2059_87\level10_shot0_20180528_000343 level1 angle 55 tap 1400 reward 5800
C:\Users\user\Documents\GitHub\kimyibae_AB\python_client\experiences_gathering\startAt_20180527_2059_87\level10_shot0_20180528_000343 level10 angle 55 tap 1400 reward 5800
C:\Users\user\Documents\GitHub\kimyibae_AB\python_client\experiences_gathering\startAt_20180527_2059_90\level10_shot1_20180528_000851 level1 angle 56 tap 800 reward 57250
C:\Users\user\Documents\GitHub\kimyibae_AB\python_client\experiences_gathering\startAt_20180527_2059_90\level10_shot1_20180528_000851 level10 angle 56 tap 800 reward 57250
C:\Users\user\Documents\GitHub\kimyibae_AB\python_client\experiences_gathering\startAt_20180527_2059_90\level10_shot0_20180528_000821 level1 angle 58 tap 1000 reward 2940
C:\Users\user\Documents\GitHub\kimyibae_AB\python_client\experiences_gathering\startAt_20180527_2059_90\level10_shot0_20180528_000821 level10 angle 58 tap 1000 reward 2940
C:\Users\user\Documents\GitHub\kimyibae_AB\python_client\experiences_gathering\startAt_20180528_0121_10\level11_shot1_20180528_013547 level11 angle 24 tap 800 reward 46350
C:\Users\user\Documents\GitHub\kimyibae_AB\python_client\experiences_gathering\startAt_20180528_0121_10\level11_shot1_20180528_013547 level1 angle 24 tap 800 reward 46350
C:\Users\user\Documents\GitHub\kimyibae_AB\python_client\experiences_gathering\startAt_20180528_0121_10\level11_shot0_20180528_013525 level11 angle 14 tap 1400 reward 1150
C:\Users\user\Documents\GitHub\kimyibae_AB\python_client\experiences_gathering\startAt_20180528_0121_10\level11_shot0_20180528_013525 level1 angle 14 tap 1400 reward 1150
C:\Users\user\Documents\GitHub\kimyibae_AB\python_client\experiences_gathering\startAt_20180528_0121_18\level11_shot1_20180528_014731 level11 angle 26 tap 1200 reward 49010
C:\Users\user\Documents\GitHub\kimyibae_AB\python_client\experiences_gathering\startAt_20180528_0121_18\level11_shot1_20180528_014731 level1 angle 26 tap 1200 reward 49010
C:\Users\user\Documents\GitHub\kimyibae_AB\python_client\experiences_gathering\startAt_20180528_0121_18\level11_shot0_20180528_014706 level11 angle 22 tap 1400 reward 2650
C:\Users\user\Documents\GitHub\kimyibae_AB\python_client\experiences_gathering\startAt_20180528_0121_18\level11_shot0_20180528_014706 level1 angle 22 tap 1400 reward 2650
C:\Users\user\Documents\GitHub\kimyibae_AB\python_client\experiences_gathering\startAt_20180528_0121_9\level11_shot1_20180528_013456 level11 angle 24 tap 700 reward 49000
C:\Users\user\Documents\GitHub\kimyibae_AB\python_client\experiences_gathering\startAt_20180528_0121_9\level11_shot1_20180528_013456 level1 angle 24 tap 700 reward 49000
C:\Users\user\Documents\GitHub\kimyibae_AB\python_client\experiences_gathering\startAt_20180528_0121_9\level11_shot0_20180528_013435 level11 angle 13 tap 500 reward 660
C:\Users\user\Documents\GitHub\kimyibae_AB\python_client\experiences_gathering\startAt_20180528_0121_9\level11_shot0_20180528_013435 level1 angle 13 tap 500 reward 660
C:\Users\user\Documents\GitHub\kimyibae_AB\python_client\experiences_gathering\startAt_20180528_1429_13\level12_shot1_20180528_144929 level12 angle 22 tap 1800 reward 31800
C:\Users\user\Documents\GitHub\kimyibae_AB\python_client\experiences_gathering\startAt_20180528_1429_13\level12_shot1_20180528_144929 level1 angle 22 tap 1800 reward 31800
C:\Users\user\Documents\GitHub\kimyibae_AB\python_client\experiences_gathering\startAt_20180528_1429_13\level12_shot0_20180528_144902 level12 angle 21 tap 1000 reward 14720
C:\Users\user\Documents\GitHub\kimyibae_AB\python_client\experiences_gathering\startAt_20180528_1429_13\level12_shot0_20180528_144902 level1 angle 21 tap 1000 reward 14720
C:\Users\user\Documents\GitHub\kimyibae_AB\python_client\experiences_gathering\startAt_20180528_1429_18\level12_shot1_20180528_145719 level12 angle 38 tap 1300 reward 30690
C:\Users\user\Documents\GitHub\kimyibae_AB\python_client\experiences_gathering\startAt_20180528_1429_18\level12_shot1_20180528_145719 level1 angle 38 tap 1300 reward 30690
C:\Users\user\Documents\GitHub\kimyibae_AB\python_client\experiences_gathering\startAt_20180528_1429_18\level12_shot0_20180528_145651 level12 angle 26 tap 1300 reward 21820
C:\Users\user\Documents\GitHub\kimyibae_AB\python_client\experiences_gathering\startAt_20180528_1429_18\level12_shot0_20180528_145651 level1 angle 26 tap 1300 reward 21820
C:\Users\user\Documents\GitHub\kimyibae_AB\python_client\experiences_gathering\startAt_20180528_1429_50\level12_shot1_20180528_155034 level12 angle 67 tap 2200 reward 30170
C:\Users\user\Documents\GitHub\kimyibae_AB\python_client\experiences_gathering\startAt_20180528_1429_50\level12_shot1_20180528_155034 level1 angle 67 tap 2200 reward 30170
C:\Users\user\Documents\GitHub\kimyibae_AB\python_client\experiences_gathering\startAt_20180528_1429_50\level12_shot0_20180528_154951 level12 angle 58 tap 2500 reward 20740
C:\Users\user\Documents\GitHub\kimyibae_AB\python_client\experiences_gathering\startAt_20180528_1429_50\level12_shot0_20180528_154951 level1 angle 58 tap 2500 reward 20740
C:\Users\user\Documents\GitHub\kimyibae_AB\python_client\experiences_gathering\startAt_20180528_1429_53\level12_shot1_20180528_155504 level12 angle 65 tap 1300 reward 30630
C:\Users\user\Documents\GitHub\kimyibae_AB\python_client\experiences_gathering\startAt_20180528_1429_53\level12_shot1_20180528_155504 level1 angle 65 tap 1300 reward 30630
C:\Users\user\Documents\GitHub\kimyibae_AB\python_client\experiences_gathering\startAt_20180528_1429_53\level12_shot0_20180528_155433 level12 angle 61 tap 900 reward 22100
C:\Users\user\Documents\GitHub\kimyibae_AB\python_client\experiences_gathering\startAt_20180528_1429_53\level12_shot0_20180528_155433 level1 angle 61 tap 900 reward 22100
C:\Users\user\Documents\GitHub\kimyibae_AB\python_client\experiences_gathering\startAt_20180528_1429_62\level12_shot1_20180528_160909 level12 angle 67 tap 800 reward 32760
C:\Users\user\Documents\GitHub\kimyibae_AB\python_client\experiences_gathering\startAt_20180528_1429_62\level12_shot1_20180528_160909 level1 angle 67 tap 800 reward 32760
C:\Users\user\Documents\GitHub\kimyibae_AB\python_client\experiences_gathering\startAt_20180528_1429_62\level12_shot0_20180528_160840 level12 angle 70 tap 800 reward 15770
C:\Users\user\Documents\GitHub\kimyibae_AB\python_client\experiences_gathering\startAt_20180528_1429_62\level12_shot0_20180528_160840 level1 angle 70 tap 800 reward 15770
C:\Users\user\Documents\GitHub\kimyibae_AB\python_client\experiences_gathering\startAt_20180529_0109_10\level4_shot1_20180529_012938 level4 angle 16 tap 700 reward 27200
C:\Users\user\Documents\GitHub\kimyibae_AB\python_client\experiences_gathering\startAt_20180529_0109_10\level4_shot0_20180529_012859 level4 angle 14 tap 1600 reward 1180
C:\Users\user\Documents\GitHub\kimyibae_AB\python_client\experiences_gathering\startAt_20180529_0109_102\level5_shot1_20180529_055411 level5 angle 40 tap 900 reward 44830
C:\Users\user\Documents\GitHub\kimyibae_AB\python_client\experiences_gathering\startAt_20180529_0109_102\level5_shot0_20180529_055305 level5 angle 25 tap 1800 reward 16050
C:\Users\user\Documents\GitHub\kimyibae_AB\python_client\experiences_gathering\startAt_20180529_0109_11\level4_shot1_20180529_013054 level4 angle 18 tap 500 reward 26940
C:\Users\user\Documents\GitHub\kimyibae_AB\python_client\experiences_gathering\startAt_20180529_0109_11\level4_shot0_20180529_013019 level4 angle 15 tap 2400 reward 1160
C:\Users\user\Documents\GitHub\kimyibae_AB\python_client\experiences_gathering\startAt_20180529_0109_12\level4_shot1_20180529_013212 level4 angle 18 tap 1100 reward 26930
C:\Users\user\Documents\GitHub\kimyibae_AB\python_client\experiences_gathering\startAt_20180529_0109_12\level4_shot0_20180529_013136 level4 angle 16 tap 2400 reward 1160
C:\Users\user\Documents\GitHub\kimyibae_AB\python_client\experiences_gathering\startAt_20180529_0109_16\level4_shot1_20180529_014059 level4 angle 21 tap 600 reward 27130
C:\Users\user\Documents\GitHub\kimyibae_AB\python_client\experiences_gathering\startAt_20180529_0109_16\level4_shot0_20180529_014017 level4 angle 20 tap 600 reward 1730
C:\Users\user\Documents\GitHub\kimyibae_AB\python_client\experiences_gathering\startAt_20180529_0109_18\level4_shot1_20180529_014504 level4 angle 22 tap 1900 reward 28730
C:\Users\user\Documents\GitHub\kimyibae_AB\python_client\experiences_gathering\startAt_20180529_0109_18\level4_shot0_20180529_014416 level4 angle 22 tap 800 reward 1610
C:\Users\user\Documents\GitHub\kimyibae_AB\python_client\experiences_gathering\startAt_20180529_0109_88\level5_shot1_20180529_051028 level5 angle 23 tap 800 reward 52940
C:\Users\user\Documents\GitHub\kimyibae_AB\python_client\experiences_gathering\startAt_20180529_0109_88\level5_shot0_20180529_050943 level5 angle 11 tap 1600 reward 510
C:\Users\user\Documents\GitHub\kimyibae_AB\python_client\experiences_gathering\startAt_20180529_0109_92\level5_shot1_20180529_052352 level5 angle 20 tap 2200 reward 53220
C:\Users\user\Documents\GitHub\kimyibae_AB\python_client\experiences_gathering\startAt_20180529_0109_92\level5_shot0_20180529_052245 level5 angle 15 tap 1900 reward 500
C:\Users\user\Documents\GitHub\kimyibae_AB\python_client\experiences_gathering\startAt_20180529_0109_94\level5_shot1_20180529_053031 level5 angle 29 tap 1800 reward 54350
C:\Users\user\Documents\GitHub\kimyibae_AB\python_client\experiences_gathering\startAt_20180529_0109_94\level5_shot0_20180529_052914 level5 angle 17 tap 500 reward 650
C:\Users\user\Documents\GitHub\kimyibae_AB\python_client\experiences_gathering\startAt_20180529_0109_95\level5_shot1_20180529_053257 level5 angle 33 tap 1900 reward 54000
C:\Users\user\Documents\GitHub\kimyibae_AB\python_client\experiences_gathering\startAt_20180529_0109_95\level5_shot0_20180529_053137 level5 angle 18 tap 800 reward 610
C:\Users\user\Documents\GitHub\kimyibae_AB\python_client\experiences_gathering\startAt_20180529_0109_99\level5_shot1_20180529_054644 level5 angle 29 tap 2100 reward 36110
C:\Users\user\Documents\GitHub\kimyibae_AB\python_client\experiences_gathering\startAt_20180529_0109_99\level5_shot0_20180529_054531 level5 angle 22 tap 900 reward 22400
C:\Users\user\Documents\GitHub\kimyibae_AB\python_client\experiences_gathering\startAt_20180529_0913_42\level14_shot1_20180529_121021 level1 angle 75 tap 1300 reward 45320
C:\Users\user\Documents\GitHub\kimyibae_AB\python_client\experiences_gathering\startAt_20180529_0913_42\level14_shot1_20180529_121021 level14 angle 75 tap 1300 reward 45320
C:\Users\user\Documents\GitHub\kimyibae_AB\python_client\experiences_gathering\startAt_20180529_0913_42\level14_shot0_20180529_120812 level1 angle 70 tap 1600 reward 20320
C:\Users\user\Documents\GitHub\kimyibae_AB\python_client\experiences_gathering\startAt_20180529_0913_42\level14_shot0_20180529_120812 level14 angle 70 tap 1600 reward 20320
C:\Users\user\Documents\GitHub\kimyibae_AB\python_client\experiences_gathering\startAt_20180529_0913_47\level14_shot1_20180529_124339 level1 angle 72 tap 1000 reward 35120
C:\Users\user\Documents\GitHub\kimyibae_AB\python_client\experiences_gathering\startAt_20180529_0913_47\level14_shot1_20180529_124339 level14 angle 72 tap 1000 reward 35120
C:\Users\user\Documents\GitHub\kimyibae_AB\python_client\experiences_gathering\startAt_20180529_0913_47\level14_shot0_20180529_124203 level1 angle 75 tap 500 reward 30520
C:\Users\user\Documents\GitHub\kimyibae_AB\python_client\experiences_gathering\startAt_20180529_0913_47\level14_shot0_20180529_124203 level14 angle 75 tap 500 reward 30520
